#
# There is insufficient memory for the Java Runtime Environment to continue.
# Native memory allocation (malloc) failed to allocate 575216 bytes for Chunk::new
# Possible reasons:
#   The system is out of physical RAM or swap space
#   The process is running with CompressedOops enabled, and the Java Heap may be blocking the growth of the native heap
# Possible solutions:
#   Reduce memory load on the system
#   Increase physical memory or swap space
#   Check if swap backing store is full
#   Decrease Java heap size (-Xmx/-Xms)
#   Decrease number of Java threads
#   Decrease Java thread stack sizes (-Xss)
#   Set larger code cache with -XX:ReservedCodeCacheSize=
#   JVM is running with Unscaled Compressed Oops mode in which the Java heap is
#     placed in the first 4GB address space. The Java Heap base address is the
#     maximum limit for the native heap growth. Please use -XX:HeapBaseMinAddress
#     to set the Java Heap base and to place the Java Heap above 4GB virtual address.
# This output file may be truncated or incomplete.
#
#  Out of Memory Error (arena.cpp:184), pid=10884, tid=1880
#
# JRE version: Java(TM) SE Runtime Environment (20.0+36) (build 20+36-2344)
# Java VM: Java HotSpot(TM) 64-Bit Server VM (20+36-2344, mixed mode, sharing, tiered, compressed oops, compressed class ptrs, g1 gc, windows-amd64)
# No core dump will be written. Minidumps are not enabled by default on client versions of Windows
#

---------------  S U M M A R Y ------------

Command Line: -Dfile.encoding=UTF-8 --module-path=D:\Uni\Sem\6th sem\Web\Project Flip Flop\Flip Flop With DB\Flip_Flop_DB\build\classes flip_flop_db.Flip_Flop_DB

Host: Intel(R) Core(TM) i7-7500U CPU @ 2.70GHz, 4 cores, 7G,  Windows 10 , 64 bit Build 19041 (10.0.19041.3031)
Time: Sun Jun 18 00:11:07 2023 Pakistan Standard Time elapsed time: 14.282606 seconds (0d 0h 0m 14s)

---------------  T H R E A D  ---------------

Current thread (0x00000279eb97db90):  JavaThread "C2 CompilerThread0" daemon [_thread_in_native, id=1880, stack(0x000000a2caa00000,0x000000a2cab00000)]


Current CompileTask:
C2:  14282 3073       4       sun.java2d.marlin.MarlinTileGenerator::getAlphaRLE (1749 bytes)

Stack: [0x000000a2caa00000,0x000000a2cab00000]
Native frames: (J=compiled Java code, j=interpreted, Vv=VM code, C=native code)
V  [jvm.dll+0x6bb95a]
V  [jvm.dll+0x8483aa]
V  [jvm.dll+0x849fa5]
V  [jvm.dll+0x84a6a3]
V  [jvm.dll+0x280b0f]
V  [jvm.dll+0xc2b11]
V  [jvm.dll+0xc2e35]
V  [jvm.dll+0x2f5dbf]
V  [jvm.dll+0x5e32eb]
V  [jvm.dll+0x2543b4]
V  [jvm.dll+0x25477f]
V  [jvm.dll+0x24cf6d]
V  [jvm.dll+0x24a549]
V  [jvm.dll+0x1ce491]
V  [jvm.dll+0x259e1b]
V  [jvm.dll+0x2584f0]
V  [jvm.dll+0x3f2895]
V  [jvm.dll+0x7f4906]
V  [jvm.dll+0x6ba5cb]
C  [ucrtbase.dll+0x21bb2]
C  [KERNEL32.DLL+0x17614]
C  [ntdll.dll+0x526f1]


---------------  P R O C E S S  ---------------

Threads class SMR info:
_java_thread_list=0x00000279f1fd0f90, length=21, elements={
0x00000279eb96cfc0, 0x00000279eb96df60, 0x00000279eb9730e0, 0x00000279eb976a40,
0x00000279eb977520, 0x00000279eb977e60, 0x00000279eb97db90, 0x00000279eb97ee50,
0x00000279efca0090, 0x00000279efd2a890, 0x00000279efed8f20, 0x00000279eff289e0,
0x00000279eff291e0, 0x00000279efffe020, 0x00000279cf8a9800, 0x00000279f0b089c0,
0x00000279eb9e2750, 0x00000279f0caac90, 0x00000279f0cad710, 0x00000279f0cac720,
0x00000279f0cac1d0
}

Java Threads: ( => current thread )
  0x00000279eb96cfc0 JavaThread "Reference Handler" daemon [_thread_blocked, id=6668, stack(0x000000a2ca400000,0x000000a2ca500000)]
  0x00000279eb96df60 JavaThread "Finalizer" daemon [_thread_blocked, id=15440, stack(0x000000a2ca500000,0x000000a2ca600000)]
  0x00000279eb9730e0 JavaThread "Signal Dispatcher" daemon [_thread_blocked, id=5384, stack(0x000000a2ca600000,0x000000a2ca700000)]
  0x00000279eb976a40 JavaThread "Attach Listener" daemon [_thread_blocked, id=8344, stack(0x000000a2ca700000,0x000000a2ca800000)]
  0x00000279eb977520 JavaThread "Service Thread" daemon [_thread_blocked, id=15808, stack(0x000000a2ca800000,0x000000a2ca900000)]
  0x00000279eb977e60 JavaThread "Monitor Deflation Thread" daemon [_thread_blocked, id=16592, stack(0x000000a2ca900000,0x000000a2caa00000)]
=>0x00000279eb97db90 JavaThread "C2 CompilerThread0" daemon [_thread_in_native, id=1880, stack(0x000000a2caa00000,0x000000a2cab00000)]
  0x00000279eb97ee50 JavaThread "C1 CompilerThread0" daemon [_thread_blocked, id=7268, stack(0x000000a2cab00000,0x000000a2cac00000)]
  0x00000279efca0090 JavaThread "Common-Cleaner" daemon [_thread_blocked, id=2436, stack(0x000000a2cac00000,0x000000a2cad00000)]
  0x00000279efd2a890 JavaThread "Notification Thread" daemon [_thread_blocked, id=3844, stack(0x000000a2cad00000,0x000000a2cae00000)]
  0x00000279efed8f20 JavaThread "Java2D Disposer" daemon [_thread_blocked, id=8212, stack(0x000000a2caf00000,0x000000a2cb000000)]
  0x00000279eff289e0 JavaThread "AWT-Shutdown" [_thread_blocked, id=1792, stack(0x000000a2cb000000,0x000000a2cb100000)]
  0x00000279eff291e0 JavaThread "AWT-Windows" daemon [_thread_in_native, id=6432, stack(0x000000a2cb100000,0x000000a2cb200000)]
  0x00000279efffe020 JavaThread "AWT-EventQueue-0" [_thread_blocked, id=13132, stack(0x000000a2cb200000,0x000000a2cb300000)]
  0x00000279cf8a9800 JavaThread "DestroyJavaVM" [_thread_blocked, id=7932, stack(0x000000a2c9d00000,0x000000a2c9e00000)]
  0x00000279f0b089c0 JavaThread "TimerQueue" daemon [_thread_blocked, id=10188, stack(0x000000a2cb600000,0x000000a2cb700000)]
  0x00000279eb9e2750 JavaThread "Timer-0" daemon [_thread_blocked, id=15920, stack(0x000000a2cba00000,0x000000a2cbb00000)]
  0x00000279f0caac90 JavaThread "Image Fetcher 0" daemon [_thread_blocked, id=8088, stack(0x000000a2cbc00000,0x000000a2cbd00000)]
  0x00000279f0cad710 JavaThread "Image Fetcher 1" daemon [_thread_blocked, id=9912, stack(0x000000a2cbd00000,0x000000a2cbe00000)]
  0x00000279f0cac720 JavaThread "Image Fetcher 2" daemon [_thread_blocked, id=9472, stack(0x000000a2cbe00000,0x000000a2cbf00000)]
  0x00000279f0cac1d0 JavaThread "Image Fetcher 3" daemon [_thread_blocked, id=11104, stack(0x000000a2cbf00000,0x000000a2cc000000)]

Other Threads:
  0x00000279eb94ad90 VMThread "VM Thread" [stack: 0x000000a2ca300000,0x000000a2ca400000] [id=17100]
  0x00000279efd2bdf0 WatcherThread "VM Periodic Task Thread" [stack: 0x000000a2cae00000,0x000000a2caf00000] [id=18336]
  0x00000279cf908490 WorkerThread "GC Thread#0" [stack: 0x000000a2c9e00000,0x000000a2c9f00000] [id=3264]
  0x00000279efe58770 WorkerThread "GC Thread#1" [stack: 0x000000a2cb700000,0x000000a2cb800000] [id=10556]
  0x00000279efe58a40 WorkerThread "GC Thread#2" [stack: 0x000000a2cb800000,0x000000a2cb900000] [id=5732]
  0x00000279f0929830 WorkerThread "GC Thread#3" [stack: 0x000000a2cb900000,0x000000a2cba00000] [id=7176]
  0x00000279cf91a060 ConcurrentGCThread "G1 Main Marker" [stack: 0x000000a2c9f00000,0x000000a2ca000000] [id=11088]
  0x00000279cf91c150 WorkerThread "G1 Conc#0" [stack: 0x000000a2ca000000,0x000000a2ca100000] [id=6236]
  0x00000279eb8120b0 ConcurrentGCThread "G1 Refine#0" [stack: 0x000000a2ca100000,0x000000a2ca200000] [id=10804]
  0x00000279eb812a60 ConcurrentGCThread "G1 Service" [stack: 0x000000a2ca200000,0x000000a2ca300000] [id=15132]

Threads with active compile tasks:
C2 CompilerThread0    14373 3073       4       sun.java2d.marlin.MarlinTileGenerator::getAlphaRLE (1749 bytes)

VM state: not at safepoint (normal execution)

VM Mutex/Monitor currently owned by a thread: None

Heap address: 0x0000000082000000, size: 2016 MB, Compressed Oops mode: 32-bit

CDS archive(s) mapped at: [0x0000000800000000-0x0000000800c60000-0x0000000800c60000), size 12976128, SharedBaseAddress: 0x0000000800000000, ArchiveRelocationMode: 0.
Compressed class space mapped at: 0x0000000801000000-0x0000000841000000, reserved size: 1073741824
Narrow klass base: 0x0000000800000000, Narrow klass shift: 0, Narrow klass range: 0x100000000

GC Precious Log:
 CardTable entry size: 512
 Card Set container configuration: InlinePtr #cards 5 size 8 Array Of Cards #cards 12 size 40 Howl #buckets 4 coarsen threshold 1843 Howl Bitmap #cards 512 size 80 coarsen threshold 460 Card regions per heap region 1 cards per card region 2048
 CPUs: 4 total, 4 available
 Memory: 8058M
 Large Page Support: Disabled
 NUMA Support: Disabled
 Compressed Oops: Enabled (32-bit)
 Heap Region Size: 1M
 Heap Min Capacity: 8M
 Heap Initial Capacity: 126M
 Heap Max Capacity: 2016M
 Pre-touch: Disabled
 Parallel Workers: 4
 Concurrent Workers: 1
 Concurrent Refinement Workers: 4
 Periodic GC: Disabled

Heap:
 garbage-first heap   total 129024K, used 34188K [0x0000000082000000, 0x0000000100000000)
  region size 1024K, 27 young (27648K), 2 survivors (2048K)
 Metaspace       used 18810K, committed 19072K, reserved 1114112K
  class space    used 1856K, committed 1984K, reserved 1048576K

Heap Regions: E=young(eden), S=young(survivor), O=old, HS=humongous(starts), HC=humongous(continues), CS=collection set, F=free, OA=open archive, CA=closed archive, TAMS=top-at-mark-start, PB=parsable bottom
|   0|0x0000000082000000, 0x0000000082100000, 0x0000000082100000|100%|HS|  |TAMS 0x0000000082000000| PB 0x0000000082000000| Complete 
|   1|0x0000000082100000, 0x0000000082200000, 0x0000000082200000|100%| O|  |TAMS 0x0000000082100000| PB 0x0000000082100000| Untracked 
|   2|0x0000000082200000, 0x0000000082300000, 0x0000000082300000|100%| O|  |TAMS 0x0000000082200000| PB 0x0000000082200000| Untracked 
|   3|0x0000000082300000, 0x0000000082400000, 0x0000000082400000|100%| O|  |TAMS 0x0000000082300000| PB 0x0000000082300000| Untracked 
|   4|0x0000000082400000, 0x0000000082500000, 0x0000000082500000|100%| O|  |TAMS 0x0000000082400000| PB 0x0000000082400000| Untracked 
|   5|0x0000000082500000, 0x0000000082563000, 0x0000000082600000| 38%| O|  |TAMS 0x0000000082500000| PB 0x0000000082500000| Untracked 
|   6|0x0000000082600000, 0x0000000082700000, 0x0000000082700000|100%|HS|  |TAMS 0x0000000082600000| PB 0x0000000082600000| Complete 
|   7|0x0000000082700000, 0x0000000082800000, 0x0000000082800000|100%|HC|  |TAMS 0x0000000082700000| PB 0x0000000082700000| Complete 
|   8|0x0000000082800000, 0x0000000082800000, 0x0000000082900000|  0%| F|  |TAMS 0x0000000082800000| PB 0x0000000082800000| Untracked 
|   9|0x0000000082900000, 0x0000000082900000, 0x0000000082a00000|  0%| F|  |TAMS 0x0000000082900000| PB 0x0000000082900000| Untracked 
|  10|0x0000000082a00000, 0x0000000082a00000, 0x0000000082b00000|  0%| F|  |TAMS 0x0000000082a00000| PB 0x0000000082a00000| Untracked 
|  11|0x0000000082b00000, 0x0000000082b00000, 0x0000000082c00000|  0%| F|  |TAMS 0x0000000082b00000| PB 0x0000000082b00000| Untracked 
|  12|0x0000000082c00000, 0x0000000082c00000, 0x0000000082d00000|  0%| F|  |TAMS 0x0000000082c00000| PB 0x0000000082c00000| Untracked 
|  13|0x0000000082d00000, 0x0000000082d00000, 0x0000000082e00000|  0%| F|  |TAMS 0x0000000082d00000| PB 0x0000000082d00000| Untracked 
|  14|0x0000000082e00000, 0x0000000082e00000, 0x0000000082f00000|  0%| F|  |TAMS 0x0000000082e00000| PB 0x0000000082e00000| Untracked 
|  15|0x0000000082f00000, 0x0000000082f00000, 0x0000000083000000|  0%| F|  |TAMS 0x0000000082f00000| PB 0x0000000082f00000| Untracked 
|  16|0x0000000083000000, 0x0000000083000000, 0x0000000083100000|  0%| F|  |TAMS 0x0000000083000000| PB 0x0000000083000000| Untracked 
|  17|0x0000000083100000, 0x0000000083100000, 0x0000000083200000|  0%| F|  |TAMS 0x0000000083100000| PB 0x0000000083100000| Untracked 
|  18|0x0000000083200000, 0x0000000083200000, 0x0000000083300000|  0%| F|  |TAMS 0x0000000083200000| PB 0x0000000083200000| Untracked 
|  19|0x0000000083300000, 0x0000000083300000, 0x0000000083400000|  0%| F|  |TAMS 0x0000000083300000| PB 0x0000000083300000| Untracked 
|  20|0x0000000083400000, 0x0000000083400000, 0x0000000083500000|  0%| F|  |TAMS 0x0000000083400000| PB 0x0000000083400000| Untracked 
|  21|0x0000000083500000, 0x0000000083500000, 0x0000000083600000|  0%| F|  |TAMS 0x0000000083500000| PB 0x0000000083500000| Untracked 
|  22|0x0000000083600000, 0x0000000083600000, 0x0000000083700000|  0%| F|  |TAMS 0x0000000083600000| PB 0x0000000083600000| Untracked 
|  23|0x0000000083700000, 0x0000000083700000, 0x0000000083800000|  0%| F|  |TAMS 0x0000000083700000| PB 0x0000000083700000| Untracked 
|  24|0x0000000083800000, 0x0000000083800000, 0x0000000083900000|  0%| F|  |TAMS 0x0000000083800000| PB 0x0000000083800000| Untracked 
|  25|0x0000000083900000, 0x0000000083900000, 0x0000000083a00000|  0%| F|  |TAMS 0x0000000083900000| PB 0x0000000083900000| Untracked 
|  26|0x0000000083a00000, 0x0000000083a00000, 0x0000000083b00000|  0%| F|  |TAMS 0x0000000083a00000| PB 0x0000000083a00000| Untracked 
|  27|0x0000000083b00000, 0x0000000083b00000, 0x0000000083c00000|  0%| F|  |TAMS 0x0000000083b00000| PB 0x0000000083b00000| Untracked 
|  28|0x0000000083c00000, 0x0000000083c00000, 0x0000000083d00000|  0%| F|  |TAMS 0x0000000083c00000| PB 0x0000000083c00000| Untracked 
|  29|0x0000000083d00000, 0x0000000083d00000, 0x0000000083e00000|  0%| F|  |TAMS 0x0000000083d00000| PB 0x0000000083d00000| Untracked 
|  30|0x0000000083e00000, 0x0000000083e00000, 0x0000000083f00000|  0%| F|  |TAMS 0x0000000083e00000| PB 0x0000000083e00000| Untracked 
|  31|0x0000000083f00000, 0x0000000083f00000, 0x0000000084000000|  0%| F|  |TAMS 0x0000000083f00000| PB 0x0000000083f00000| Untracked 
|  32|0x0000000084000000, 0x0000000084000000, 0x0000000084100000|  0%| F|  |TAMS 0x0000000084000000| PB 0x0000000084000000| Untracked 
|  33|0x0000000084100000, 0x0000000084100000, 0x0000000084200000|  0%| F|  |TAMS 0x0000000084100000| PB 0x0000000084100000| Untracked 
|  34|0x0000000084200000, 0x0000000084200000, 0x0000000084300000|  0%| F|  |TAMS 0x0000000084200000| PB 0x0000000084200000| Untracked 
|  35|0x0000000084300000, 0x0000000084300000, 0x0000000084400000|  0%| F|  |TAMS 0x0000000084300000| PB 0x0000000084300000| Untracked 
|  36|0x0000000084400000, 0x0000000084400000, 0x0000000084500000|  0%| F|  |TAMS 0x0000000084400000| PB 0x0000000084400000| Untracked 
|  37|0x0000000084500000, 0x0000000084500000, 0x0000000084600000|  0%| F|  |TAMS 0x0000000084500000| PB 0x0000000084500000| Untracked 
|  38|0x0000000084600000, 0x0000000084600000, 0x0000000084700000|  0%| F|  |TAMS 0x0000000084600000| PB 0x0000000084600000| Untracked 
|  39|0x0000000084700000, 0x0000000084700000, 0x0000000084800000|  0%| F|  |TAMS 0x0000000084700000| PB 0x0000000084700000| Untracked 
|  40|0x0000000084800000, 0x0000000084800000, 0x0000000084900000|  0%| F|  |TAMS 0x0000000084800000| PB 0x0000000084800000| Untracked 
|  41|0x0000000084900000, 0x0000000084900000, 0x0000000084a00000|  0%| F|  |TAMS 0x0000000084900000| PB 0x0000000084900000| Untracked 
|  42|0x0000000084a00000, 0x0000000084a00000, 0x0000000084b00000|  0%| F|  |TAMS 0x0000000084a00000| PB 0x0000000084a00000| Untracked 
|  43|0x0000000084b00000, 0x0000000084b00000, 0x0000000084c00000|  0%| F|  |TAMS 0x0000000084b00000| PB 0x0000000084b00000| Untracked 
|  44|0x0000000084c00000, 0x0000000084c00000, 0x0000000084d00000|  0%| F|  |TAMS 0x0000000084c00000| PB 0x0000000084c00000| Untracked 
|  45|0x0000000084d00000, 0x0000000084d00000, 0x0000000084e00000|  0%| F|  |TAMS 0x0000000084d00000| PB 0x0000000084d00000| Untracked 
|  46|0x0000000084e00000, 0x0000000084e00000, 0x0000000084f00000|  0%| F|  |TAMS 0x0000000084e00000| PB 0x0000000084e00000| Untracked 
|  47|0x0000000084f00000, 0x0000000084f00000, 0x0000000085000000|  0%| F|  |TAMS 0x0000000084f00000| PB 0x0000000084f00000| Untracked 
|  48|0x0000000085000000, 0x0000000085000000, 0x0000000085100000|  0%| F|  |TAMS 0x0000000085000000| PB 0x0000000085000000| Untracked 
|  49|0x0000000085100000, 0x0000000085100000, 0x0000000085200000|  0%| F|  |TAMS 0x0000000085100000| PB 0x0000000085100000| Untracked 
|  50|0x0000000085200000, 0x0000000085200000, 0x0000000085300000|  0%| F|  |TAMS 0x0000000085200000| PB 0x0000000085200000| Untracked 
|  51|0x0000000085300000, 0x0000000085300000, 0x0000000085400000|  0%| F|  |TAMS 0x0000000085300000| PB 0x0000000085300000| Untracked 
|  52|0x0000000085400000, 0x0000000085400000, 0x0000000085500000|  0%| F|  |TAMS 0x0000000085400000| PB 0x0000000085400000| Untracked 
|  53|0x0000000085500000, 0x0000000085500000, 0x0000000085600000|  0%| F|  |TAMS 0x0000000085500000| PB 0x0000000085500000| Untracked 
|  54|0x0000000085600000, 0x0000000085600000, 0x0000000085700000|  0%| F|  |TAMS 0x0000000085600000| PB 0x0000000085600000| Untracked 
|  55|0x0000000085700000, 0x0000000085700000, 0x0000000085800000|  0%| F|  |TAMS 0x0000000085700000| PB 0x0000000085700000| Untracked 
|  56|0x0000000085800000, 0x0000000085800000, 0x0000000085900000|  0%| F|  |TAMS 0x0000000085800000| PB 0x0000000085800000| Untracked 
|  57|0x0000000085900000, 0x0000000085900000, 0x0000000085a00000|  0%| F|  |TAMS 0x0000000085900000| PB 0x0000000085900000| Untracked 
|  58|0x0000000085a00000, 0x0000000085a00000, 0x0000000085b00000|  0%| F|  |TAMS 0x0000000085a00000| PB 0x0000000085a00000| Untracked 
|  59|0x0000000085b00000, 0x0000000085b00000, 0x0000000085c00000|  0%| F|  |TAMS 0x0000000085b00000| PB 0x0000000085b00000| Untracked 
|  60|0x0000000085c00000, 0x0000000085c00000, 0x0000000085d00000|  0%| F|  |TAMS 0x0000000085c00000| PB 0x0000000085c00000| Untracked 
|  61|0x0000000085d00000, 0x0000000085d00000, 0x0000000085e00000|  0%| F|  |TAMS 0x0000000085d00000| PB 0x0000000085d00000| Untracked 
|  62|0x0000000085e00000, 0x0000000085e00000, 0x0000000085f00000|  0%| F|  |TAMS 0x0000000085e00000| PB 0x0000000085e00000| Untracked 
|  63|0x0000000085f00000, 0x0000000085f00000, 0x0000000086000000|  0%| F|  |TAMS 0x0000000085f00000| PB 0x0000000085f00000| Untracked 
|  64|0x0000000086000000, 0x0000000086000000, 0x0000000086100000|  0%| F|  |TAMS 0x0000000086000000| PB 0x0000000086000000| Untracked 
|  65|0x0000000086100000, 0x0000000086100000, 0x0000000086200000|  0%| F|  |TAMS 0x0000000086100000| PB 0x0000000086100000| Untracked 
|  66|0x0000000086200000, 0x0000000086200000, 0x0000000086300000|  0%| F|  |TAMS 0x0000000086200000| PB 0x0000000086200000| Untracked 
|  67|0x0000000086300000, 0x0000000086300000, 0x0000000086400000|  0%| F|  |TAMS 0x0000000086300000| PB 0x0000000086300000| Untracked 
|  68|0x0000000086400000, 0x0000000086400000, 0x0000000086500000|  0%| F|  |TAMS 0x0000000086400000| PB 0x0000000086400000| Untracked 
|  69|0x0000000086500000, 0x0000000086500000, 0x0000000086600000|  0%| F|  |TAMS 0x0000000086500000| PB 0x0000000086500000| Untracked 
|  70|0x0000000086600000, 0x0000000086600000, 0x0000000086700000|  0%| F|  |TAMS 0x0000000086600000| PB 0x0000000086600000| Untracked 
|  71|0x0000000086700000, 0x0000000086700000, 0x0000000086800000|  0%| F|  |TAMS 0x0000000086700000| PB 0x0000000086700000| Untracked 
|  72|0x0000000086800000, 0x0000000086800000, 0x0000000086900000|  0%| F|  |TAMS 0x0000000086800000| PB 0x0000000086800000| Untracked 
|  73|0x0000000086900000, 0x0000000086900000, 0x0000000086a00000|  0%| F|  |TAMS 0x0000000086900000| PB 0x0000000086900000| Untracked 
|  74|0x0000000086a00000, 0x0000000086a00000, 0x0000000086b00000|  0%| F|  |TAMS 0x0000000086a00000| PB 0x0000000086a00000| Untracked 
|  75|0x0000000086b00000, 0x0000000086b00000, 0x0000000086c00000|  0%| F|  |TAMS 0x0000000086b00000| PB 0x0000000086b00000| Untracked 
|  76|0x0000000086c00000, 0x0000000086c00000, 0x0000000086d00000|  0%| F|  |TAMS 0x0000000086c00000| PB 0x0000000086c00000| Untracked 
|  77|0x0000000086d00000, 0x0000000086d00000, 0x0000000086e00000|  0%| F|  |TAMS 0x0000000086d00000| PB 0x0000000086d00000| Untracked 
|  78|0x0000000086e00000, 0x0000000086e00000, 0x0000000086f00000|  0%| F|  |TAMS 0x0000000086e00000| PB 0x0000000086e00000| Untracked 
|  79|0x0000000086f00000, 0x0000000086f00000, 0x0000000087000000|  0%| F|  |TAMS 0x0000000086f00000| PB 0x0000000086f00000| Untracked 
|  80|0x0000000087000000, 0x0000000087000000, 0x0000000087100000|  0%| F|  |TAMS 0x0000000087000000| PB 0x0000000087000000| Untracked 
|  81|0x0000000087100000, 0x0000000087100000, 0x0000000087200000|  0%| F|  |TAMS 0x0000000087100000| PB 0x0000000087100000| Untracked 
|  82|0x0000000087200000, 0x0000000087200000, 0x0000000087300000|  0%| F|  |TAMS 0x0000000087200000| PB 0x0000000087200000| Untracked 
|  83|0x0000000087300000, 0x0000000087300000, 0x0000000087400000|  0%| F|  |TAMS 0x0000000087300000| PB 0x0000000087300000| Untracked 
|  84|0x0000000087400000, 0x0000000087400000, 0x0000000087500000|  0%| F|  |TAMS 0x0000000087400000| PB 0x0000000087400000| Untracked 
|  85|0x0000000087500000, 0x0000000087500000, 0x0000000087600000|  0%| F|  |TAMS 0x0000000087500000| PB 0x0000000087500000| Untracked 
|  86|0x0000000087600000, 0x0000000087600000, 0x0000000087700000|  0%| F|  |TAMS 0x0000000087600000| PB 0x0000000087600000| Untracked 
|  87|0x0000000087700000, 0x0000000087700000, 0x0000000087800000|  0%| F|  |TAMS 0x0000000087700000| PB 0x0000000087700000| Untracked 
|  88|0x0000000087800000, 0x0000000087800000, 0x0000000087900000|  0%| F|  |TAMS 0x0000000087800000| PB 0x0000000087800000| Untracked 
|  89|0x0000000087900000, 0x0000000087900000, 0x0000000087a00000|  0%| F|  |TAMS 0x0000000087900000| PB 0x0000000087900000| Untracked 
|  90|0x0000000087a00000, 0x0000000087a00000, 0x0000000087b00000|  0%| F|  |TAMS 0x0000000087a00000| PB 0x0000000087a00000| Untracked 
|  91|0x0000000087b00000, 0x0000000087b00000, 0x0000000087c00000|  0%| F|  |TAMS 0x0000000087b00000| PB 0x0000000087b00000| Untracked 
|  92|0x0000000087c00000, 0x0000000087c00000, 0x0000000087d00000|  0%| F|  |TAMS 0x0000000087c00000| PB 0x0000000087c00000| Untracked 
|  93|0x0000000087d00000, 0x0000000087d00000, 0x0000000087e00000|  0%| F|  |TAMS 0x0000000087d00000| PB 0x0000000087d00000| Untracked 
|  94|0x0000000087e00000, 0x0000000087e00000, 0x0000000087f00000|  0%| F|  |TAMS 0x0000000087e00000| PB 0x0000000087e00000| Untracked 
|  95|0x0000000087f00000, 0x0000000087f00000, 0x0000000088000000|  0%| F|  |TAMS 0x0000000087f00000| PB 0x0000000087f00000| Untracked 
|  96|0x0000000088000000, 0x0000000088000000, 0x0000000088100000|  0%| F|  |TAMS 0x0000000088000000| PB 0x0000000088000000| Untracked 
|  97|0x0000000088100000, 0x0000000088100000, 0x0000000088200000|  0%| F|  |TAMS 0x0000000088100000| PB 0x0000000088100000| Untracked 
|  98|0x0000000088200000, 0x0000000088200000, 0x0000000088300000|  0%| F|  |TAMS 0x0000000088200000| PB 0x0000000088200000| Untracked 
|  99|0x0000000088300000, 0x0000000088338578, 0x0000000088400000| 22%| E|  |TAMS 0x0000000088300000| PB 0x0000000088300000| Complete 
| 100|0x0000000088400000, 0x0000000088500000, 0x0000000088500000|100%| E|CS|TAMS 0x0000000088400000| PB 0x0000000088400000| Complete 
| 101|0x0000000088500000, 0x0000000088600000, 0x0000000088600000|100%| E|CS|TAMS 0x0000000088500000| PB 0x0000000088500000| Complete 
| 102|0x0000000088600000, 0x0000000088700000, 0x0000000088700000|100%| E|CS|TAMS 0x0000000088600000| PB 0x0000000088600000| Complete 
| 103|0x0000000088700000, 0x0000000088800000, 0x0000000088800000|100%| E|CS|TAMS 0x0000000088700000| PB 0x0000000088700000| Complete 
| 104|0x0000000088800000, 0x0000000088900000, 0x0000000088900000|100%| E|CS|TAMS 0x0000000088800000| PB 0x0000000088800000| Complete 
| 105|0x0000000088900000, 0x0000000088a00000, 0x0000000088a00000|100%| E|CS|TAMS 0x0000000088900000| PB 0x0000000088900000| Complete 
| 106|0x0000000088a00000, 0x0000000088b00000, 0x0000000088b00000|100%| E|CS|TAMS 0x0000000088a00000| PB 0x0000000088a00000| Complete 
| 107|0x0000000088b00000, 0x0000000088c00000, 0x0000000088c00000|100%| E|CS|TAMS 0x0000000088b00000| PB 0x0000000088b00000| Complete 
| 108|0x0000000088c00000, 0x0000000088d00000, 0x0000000088d00000|100%| E|CS|TAMS 0x0000000088c00000| PB 0x0000000088c00000| Complete 
| 109|0x0000000088d00000, 0x0000000088e00000, 0x0000000088e00000|100%| S|CS|TAMS 0x0000000088d00000| PB 0x0000000088d00000| Complete 
| 110|0x0000000088e00000, 0x0000000088f00000, 0x0000000088f00000|100%| S|CS|TAMS 0x0000000088e00000| PB 0x0000000088e00000| Complete 
| 111|0x0000000088f00000, 0x0000000089000000, 0x0000000089000000|100%| E|CS|TAMS 0x0000000088f00000| PB 0x0000000088f00000| Complete 
| 112|0x0000000089000000, 0x0000000089100000, 0x0000000089100000|100%| E|CS|TAMS 0x0000000089000000| PB 0x0000000089000000| Complete 
| 113|0x0000000089100000, 0x0000000089200000, 0x0000000089200000|100%| E|CS|TAMS 0x0000000089100000| PB 0x0000000089100000| Complete 
| 114|0x0000000089200000, 0x0000000089300000, 0x0000000089300000|100%| E|CS|TAMS 0x0000000089200000| PB 0x0000000089200000| Complete 
| 115|0x0000000089300000, 0x0000000089400000, 0x0000000089400000|100%| E|CS|TAMS 0x0000000089300000| PB 0x0000000089300000| Complete 
| 116|0x0000000089400000, 0x0000000089500000, 0x0000000089500000|100%| E|CS|TAMS 0x0000000089400000| PB 0x0000000089400000| Complete 
| 117|0x0000000089500000, 0x0000000089600000, 0x0000000089600000|100%| E|CS|TAMS 0x0000000089500000| PB 0x0000000089500000| Complete 
| 118|0x0000000089600000, 0x0000000089700000, 0x0000000089700000|100%| E|CS|TAMS 0x0000000089600000| PB 0x0000000089600000| Complete 
| 119|0x0000000089700000, 0x0000000089800000, 0x0000000089800000|100%| E|CS|TAMS 0x0000000089700000| PB 0x0000000089700000| Complete 
| 120|0x0000000089800000, 0x0000000089900000, 0x0000000089900000|100%| E|CS|TAMS 0x0000000089800000| PB 0x0000000089800000| Complete 
| 121|0x0000000089900000, 0x0000000089a00000, 0x0000000089a00000|100%| E|CS|TAMS 0x0000000089900000| PB 0x0000000089900000| Complete 
| 122|0x0000000089a00000, 0x0000000089b00000, 0x0000000089b00000|100%| E|CS|TAMS 0x0000000089a00000| PB 0x0000000089a00000| Complete 
| 123|0x0000000089b00000, 0x0000000089c00000, 0x0000000089c00000|100%| E|CS|TAMS 0x0000000089b00000| PB 0x0000000089b00000| Complete 
| 124|0x0000000089c00000, 0x0000000089d00000, 0x0000000089d00000|100%| E|CS|TAMS 0x0000000089c00000| PB 0x0000000089c00000| Complete 
| 125|0x0000000089d00000, 0x0000000089e00000, 0x0000000089e00000|100%| E|CS|TAMS 0x0000000089d00000| PB 0x0000000089d00000| Complete 

Card table byte_map: [0x00000279e6d60000,0x00000279e7150000] _byte_map_base: 0x00000279e6950000

Marking Bits: (CMBitMap*) 0x00000279cf9099e0
 Bits: [0x00000279e7540000, 0x00000279e94c0000)

Polling page: 0x00000279cd750000

Metaspace:

Usage:
  Non-class:     16.56 MB used.
      Class:      1.81 MB used.
       Both:     18.37 MB used.

Virtual space:
  Non-class space:       64.00 MB reserved,      16.69 MB ( 26%) committed,  1 nodes.
      Class space:        1.00 GB reserved,       1.94 MB ( <1%) committed,  1 nodes.
             Both:        1.06 GB reserved,      18.62 MB (  2%) committed. 

Chunk freelists:
   Non-Class:  2.89 MB
       Class:  2.03 MB
        Both:  4.92 MB

MaxMetaspaceSize: unlimited
CompressedClassSpaceSize: 1.00 GB
Initial GC threshold: 21.00 MB
Current GC threshold: 21.00 MB
CDS: on
MetaspaceReclaimPolicy: balanced
 - commit_granule_bytes: 65536.
 - commit_granule_words: 8192.
 - virtual_space_node_default_size: 8388608.
 - enlarge_chunks_in_place: 1.
 - new_chunks_are_fully_committed: 0.
 - uncommit_free_chunks: 1.
 - use_allocation_guard: 0.


Internal statistics:

num_allocs_failed_limit: 0.
num_arena_births: 210.
num_arena_deaths: 0.
num_vsnodes_births: 2.
num_vsnodes_deaths: 0.
num_space_committed: 298.
num_space_uncommitted: 0.
num_chunks_returned_to_freelist: 0.
num_chunks_taken_from_freelist: 469.
num_chunk_merges: 0.
num_chunk_splits: 330.
num_chunks_enlarged: 230.
num_inconsistent_stats: 0.

CodeHeap 'non-profiled nmethods': size=120000Kb used=1131Kb max_used=1131Kb free=118869Kb
 bounds [0x00000279df440000, 0x00000279df6b0000, 0x00000279e6970000]
CodeHeap 'profiled nmethods': size=120000Kb used=6006Kb max_used=6006Kb free=113993Kb
 bounds [0x00000279d7970000, 0x00000279d7f50000, 0x00000279deea0000]
CodeHeap 'non-nmethods': size=5760Kb used=1761Kb max_used=1804Kb free=3998Kb
 bounds [0x00000279deea0000, 0x00000279df110000, 0x00000279df440000]
 total_blobs=3829 nmethods=3083 adapters=656
 compilation: enabled
              stopped_count=0, restarted_count=0
 full_count=0

Compilation events (20 events):
Event: 14.243 Thread 0x00000279eb97ee50 3075       3       java.awt.geom.AffineTransform::getMatrix (49 bytes)
Event: 14.243 Thread 0x00000279eb97ee50 nmethod 3075 0x00000279d7f48390 code [0x00000279d7f48520, 0x00000279d7f48768]
Event: 14.244 Thread 0x00000279eb97ee50 3076  s    3       java.awt.MultipleGradientPaintContext::getCachedRaster (56 bytes)
Event: 14.244 Thread 0x00000279eb97ee50 nmethod 3076 0x00000279d7f48890 code [0x00000279d7f48a60, 0x00000279d7f490f0]
Event: 14.251 Thread 0x00000279eb97ee50 3077       3       sun.java2d.SunGraphics2D::<init> (154 bytes)
Event: 14.252 Thread 0x00000279eb97ee50 nmethod 3077 0x00000279d7f49290 code [0x00000279d7f49520, 0x00000279d7f4a2d0]
Event: 14.252 Thread 0x00000279eb97ee50 3078       3       javax.swing.plaf.synth.SynthLookAndFeel::getComponentState (23 bytes)
Event: 14.252 Thread 0x00000279eb97ee50 nmethod 3078 0x00000279d7f4a610 code [0x00000279d7f4a800, 0x00000279d7f4ae50]
Event: 14.252 Thread 0x00000279eb97ee50 3079       3       java.lang.Integer::bitCount (53 bytes)
Event: 14.252 Thread 0x00000279eb97ee50 nmethod 3079 0x00000279d7f4b010 code [0x00000279d7f4b1a0, 0x00000279d7f4b2d0]
Event: 14.253 Thread 0x00000279eb97ee50 3080       3       sun.java2d.pipe.AAShapePipe::fill (8 bytes)
Event: 14.253 Thread 0x00000279eb97ee50 nmethod 3080 0x00000279d7f4b390 code [0x00000279d7f4b520, 0x00000279d7f4b660]
Event: 14.253 Thread 0x00000279eb97ee50 3081   !   3       sun.java2d.pipe.AAShapePipe::renderPath (118 bytes)
Event: 14.254 Thread 0x00000279eb97ee50 nmethod 3081 0x00000279d7f4b710 code [0x00000279d7f4b980, 0x00000279d7f4c388]
Event: 14.254 Thread 0x00000279eb97ee50 3082       3       sun.java2d.marlin.DMarlinRenderingEngine$NormMode$3::getNormalizingPathIterator (2 bytes)
Event: 14.255 Thread 0x00000279eb97ee50 nmethod 3082 0x00000279d7f4c890 code [0x00000279d7f4ca20, 0x00000279d7f4cb30]
Event: 14.258 Thread 0x00000279eb97ee50 3083       3       sun.swing.SwingUtilities2::getFontMetrics (10 bytes)
Event: 14.259 Thread 0x00000279eb97ee50 nmethod 3083 0x00000279d7f4cb90 code [0x00000279d7f4cda0, 0x00000279d7f4d408]
Event: 14.259 Thread 0x00000279eb97ee50 3084       3       sun.java2d.SunGraphics2D::getFont (19 bytes)
Event: 14.260 Thread 0x00000279eb97ee50 nmethod 3084 0x00000279d7f4d690 code [0x00000279d7f4d820, 0x00000279d7f4d9d8]

GC Heap History (4 events):
Event: 8.713 GC heap before
{Heap before GC invocations=0 (full 0):
 garbage-first heap   total 129024K, used 13312K [0x0000000082000000, 0x0000000100000000)
  region size 1024K, 13 young (13312K), 0 survivors (0K)
 Metaspace       used 11182K, committed 11456K, reserved 1114112K
  class space    used 1262K, committed 1408K, reserved 1048576K
}
Event: 8.719 GC heap after
{Heap after GC invocations=1 (full 0):
 garbage-first heap   total 129024K, used 5000K [0x0000000082000000, 0x0000000100000000)
  region size 1024K, 2 young (2048K), 2 survivors (2048K)
 Metaspace       used 11182K, committed 11456K, reserved 1114112K
  class space    used 1262K, committed 1408K, reserved 1048576K
}
Event: 9.155 GC heap before
{Heap before GC invocations=1 (full 0):
 garbage-first heap   total 129024K, used 17288K [0x0000000082000000, 0x0000000100000000)
  region size 1024K, 15 young (15360K), 2 survivors (2048K)
 Metaspace       used 15858K, committed 16128K, reserved 1114112K
  class space    used 1661K, committed 1792K, reserved 1048576K
}
Event: 9.160 GC heap after
{Heap after GC invocations=2 (full 0):
 garbage-first heap   total 129024K, used 7564K [0x0000000082000000, 0x0000000100000000)
  region size 1024K, 2 young (2048K), 2 survivors (2048K)
 Metaspace       used 15858K, committed 16128K, reserved 1114112K
  class space    used 1661K, committed 1792K, reserved 1048576K
}

Dll operation events (10 events):
Event: 0.009 Loaded shared library C:\Program Files\Java\jdk-20\bin\java.dll
Event: 0.050 Loaded shared library C:\Program Files\Java\jdk-20\bin\jsvml.dll
Event: 0.267 Loaded shared library C:\Program Files\Java\jdk-20\bin\net.dll
Event: 0.269 Loaded shared library C:\Program Files\Java\jdk-20\bin\nio.dll
Event: 0.304 Loaded shared library C:\Program Files\Java\jdk-20\bin\zip.dll
Event: 0.347 Loaded shared library C:\Program Files\Java\jdk-20\bin\jimage.dll
Event: 0.353 Loaded shared library C:\Program Files\Java\jdk-20\bin\awt.dll
Event: 0.530 Loaded shared library C:\Program Files\Java\jdk-20\bin\freetype.dll
Event: 0.531 Loaded shared library C:\Program Files\Java\jdk-20\bin\fontmanager.dll
Event: 8.749 Loaded shared library C:\Program Files\Java\jdk-20\bin\verify.dll

Deoptimization events (20 events):
Event: 12.244 Thread 0x00000279efffe020 DEOPT PACKING pc=0x00000279d7ee09a1 sp=0x000000a2cb2fd5d0
Event: 12.244 Thread 0x00000279efffe020 DEOPT UNPACKING pc=0x00000279def0a4c2 sp=0x000000a2cb2fca48 mode 0
Event: 12.245 Thread 0x00000279efffe020 DEOPT PACKING pc=0x00000279d7ee09a1 sp=0x000000a2cb2fd5d0
Event: 12.245 Thread 0x00000279efffe020 DEOPT UNPACKING pc=0x00000279def0a4c2 sp=0x000000a2cb2fca48 mode 0
Event: 12.246 Thread 0x00000279efffe020 DEOPT PACKING pc=0x00000279d7ee09a1 sp=0x000000a2cb2fd5d0
Event: 12.246 Thread 0x00000279efffe020 DEOPT UNPACKING pc=0x00000279def0a4c2 sp=0x000000a2cb2fca48 mode 0
Event: 12.246 Thread 0x00000279efffe020 DEOPT PACKING pc=0x00000279d7ee09a1 sp=0x000000a2cb2fd5d0
Event: 12.246 Thread 0x00000279efffe020 DEOPT UNPACKING pc=0x00000279def0a4c2 sp=0x000000a2cb2fca48 mode 0
Event: 12.249 Thread 0x00000279efffe020 DEOPT PACKING pc=0x00000279d7ee09a1 sp=0x000000a2cb2fd5d0
Event: 12.249 Thread 0x00000279efffe020 DEOPT UNPACKING pc=0x00000279def0a4c2 sp=0x000000a2cb2fca48 mode 0
Event: 12.249 Thread 0x00000279efffe020 DEOPT PACKING pc=0x00000279d7ee09a1 sp=0x000000a2cb2fd5d0
Event: 12.249 Thread 0x00000279efffe020 DEOPT UNPACKING pc=0x00000279def0a4c2 sp=0x000000a2cb2fca48 mode 0
Event: 12.250 Thread 0x00000279efffe020 DEOPT PACKING pc=0x00000279d7ee09a1 sp=0x000000a2cb2fd5d0
Event: 12.250 Thread 0x00000279efffe020 DEOPT UNPACKING pc=0x00000279def0a4c2 sp=0x000000a2cb2fca48 mode 0
Event: 12.256 Thread 0x00000279efffe020 DEOPT PACKING pc=0x00000279d7b39579 sp=0x000000a2cb2fd5b0
Event: 12.256 Thread 0x00000279efffe020 DEOPT UNPACKING pc=0x00000279def0a4c2 sp=0x000000a2cb2fc938 mode 0
Event: 14.240 Thread 0x00000279efffe020 DEOPT PACKING pc=0x00000279d7b05982 sp=0x000000a2cb2fd7a0
Event: 14.240 Thread 0x00000279efffe020 DEOPT UNPACKING pc=0x00000279def0a4c2 sp=0x000000a2cb2fcba0 mode 0
Event: 14.252 Thread 0x00000279efffe020 DEOPT PACKING pc=0x00000279d7b05982 sp=0x000000a2cb2fd7a0
Event: 14.252 Thread 0x00000279efffe020 DEOPT UNPACKING pc=0x00000279def0a4c2 sp=0x000000a2cb2fcba0 mode 0

Classes loaded (20 events):
Event: 12.008 Loading class sun/swing/SwingAccessor$PopupFactoryAccessor done
Event: 12.008 Loading class javax/swing/PopupFactory$1 done
Event: 12.008 Loading class javax/swing/JDialog
Event: 12.008 Loading class javax/swing/JDialog done
Event: 12.008 Loading class javax/swing/JApplet
Event: 12.009 Loading class javax/swing/JApplet done
Event: 12.009 Loading class javax/swing/PopupFactory$LightWeightPopup
Event: 12.009 Loading class javax/swing/PopupFactory$ContainerPopup
Event: 12.009 Loading class javax/swing/Popup
Event: 12.009 Loading class javax/swing/Popup done
Event: 12.009 Loading class javax/swing/PopupFactory$ContainerPopup done
Event: 12.009 Loading class javax/swing/PopupFactory$LightWeightPopup done
Event: 12.228 Loading class jdk/internal/event/ThreadSleepEvent
Event: 12.228 Loading class jdk/internal/event/ThreadSleepEvent done
Event: 12.231 Loading class sun/awt/image/BufImgSurfaceManager
Event: 12.232 Loading class sun/awt/image/BufImgSurfaceManager done
Event: 14.232 Loading class sun/java2d/loops/MaskBlit$General
Event: 14.232 Loading class sun/java2d/loops/GraphicsPrimitive$GeneralBinaryOp
Event: 14.232 Loading class sun/java2d/loops/GraphicsPrimitive$GeneralBinaryOp done
Event: 14.232 Loading class sun/java2d/loops/MaskBlit$General done

Classes unloaded (0 events):
No events

Classes redefined (0 events):
No events

Internal exceptions (20 events):
Event: 0.676 Thread 0x00000279efffe020 Exception <a 'java/lang/NoSuchMethodError'{0x0000000089782820}: 'java.lang.Object java.lang.invoke.DirectMethodHandle$Holder.invokeStatic(java.lang.Object, java.lang.Object, java.lang.Object, java.lang.Object, int)'> (0x0000000089782820) 
thrown [s\open\src\hotspot\share\interpreter\linkResolver.cpp, line 773]
Event: 0.678 Thread 0x00000279efffe020 Exception <a 'java/lang/NoSuchMethodError'{0x000000008978e1d0}: 'int java.lang.invoke.DirectMethodHandle$Holder.invokeSpecial(java.lang.Object, java.lang.Object, java.lang.Object)'> (0x000000008978e1d0) 
thrown [s\open\src\hotspot\share\interpreter\linkResolver.cpp, line 773]
Event: 0.727 Thread 0x00000279eff291e0 Exception <a 'java/lang/NoSuchMethodError'{0x0000000089ad7720}: 'void java.lang.invoke.DirectMethodHandle$Holder.invokeVirtual(java.lang.Object, java.lang.Object)'> (0x0000000089ad7720) 
thrown [s\open\src\hotspot\share\interpreter\linkResolver.cpp, line 773]
Event: 0.747 Thread 0x00000279efffe020 Exception <a 'java/lang/NoSuchMethodError'{0x00000000897f2a90}: 'void java.lang.invoke.DirectMethodHandle$Holder.invokeStaticInit(java.lang.Object)'> (0x00000000897f2a90) 
thrown [s\open\src\hotspot\share\interpreter\linkResolver.cpp, line 773]
Event: 8.649 Thread 0x00000279efffe020 Exception <a 'java/lang/NoSuchMethodError'{0x00000000891b9540}: 'java.lang.Object java.lang.invoke.DirectMethodHandle$Holder.invokeStaticInit(java.lang.Object, int, int, int, int)'> (0x00000000891b9540) 
thrown [s\open\src\hotspot\share\interpreter\linkResolver.cpp, line 773]
Event: 8.722 Thread 0x00000279efffe020 Exception <a 'java/lang/NoSuchMethodError'{0x0000000089d73338}: 'java.lang.Object java.lang.invoke.DirectMethodHandle$Holder.invokeStaticInit(java.lang.Object, java.lang.Object, int, int, int, int)'> (0x0000000089d73338) 
thrown [s\open\src\hotspot\share\interpreter\linkResolver.cpp, line 773]
Event: 8.732 Thread 0x00000279efffe020 Exception <a 'java/lang/NoSuchMethodError'{0x0000000089dbfcd8}: 'java.lang.Object java.lang.invoke.DirectMethodHandle$Holder.invokeInterface(java.lang.Object, java.lang.Object)'> (0x0000000089dbfcd8) 
thrown [s\open\src\hotspot\share\interpreter\linkResolver.cpp, line 773]
Event: 8.784 Thread 0x00000279efffe020 Exception <a 'java/lang/NoSuchMethodError'{0x0000000089c9e580}: 'java.lang.ClassLoader java.lang.Thread.getContextClassLoader(java.lang.Class)'> (0x0000000089c9e580) 
thrown [s\open\src\hotspot\share\interpreter\linkResolver.cpp, line 773]
Event: 8.785 Thread 0x00000279efffe020 Exception <a 'java/lang/NoSuchMethodError'{0x0000000089ca3990}: 'java.lang.Object java.lang.invoke.DirectMethodHandle$Holder.invokeStatic(java.lang.Object, java.lang.Object, int)'> (0x0000000089ca3990) 
thrown [s\open\src\hotspot\share\interpreter\linkResolver.cpp, line 773]
Event: 8.787 Thread 0x00000279efffe020 Exception <a 'java/lang/NoSuchMethodError'{0x0000000089cae578}: 'void java.lang.invoke.DelegatingMethodHandle$Holder.delegate(java.lang.Object, java.lang.Object, int, java.lang.Object)'> (0x0000000089cae578) 
thrown [s\open\src\hotspot\share\interpreter\linkResolver.cpp, line 773]
Event: 8.789 Thread 0x00000279efffe020 Exception <a 'java/lang/NoSuchMethodError'{0x0000000089cba9e0}: 'java.lang.Object java.lang.invoke.Invokers$Holder.invokeExact_MT(java.lang.Object, java.lang.Object, java.lang.Object, java.lang.Object, java.lang.Object)'> (0x0000000089cba9e0) 
thrown [s\open\src\hotspot\share\interpreter\linkResolver.cpp, line 773]
Event: 8.799 Thread 0x00000279efffe020 Exception <a 'java/lang/NoClassDefFoundError'{0x0000000089ce1fb0}: org/apache/log4j/Category> (0x0000000089ce1fb0) 
thrown [s\open\src\hotspot\share\classfile\systemDictionary.cpp, line 294]
Event: 9.442 Thread 0x00000279efffe020 Exception <a 'java/lang/NoSuchMethodError'{0x00000000894231f8}: 'int java.lang.invoke.DirectMethodHandle$Holder.invokeSpecialIFC(java.lang.Object, java.lang.Object, java.lang.Object)'> (0x00000000894231f8) 
thrown [s\open\src\hotspot\share\interpreter\linkResolver.cpp, line 773]
Event: 9.524 Thread 0x00000279f0caac90 Exception <a 'java/lang/NoSuchMethodError'{0x000000008924bc28}: 'java.lang.Object java.lang.invoke.DirectMethodHandle$Holder.newInvokeSpecial(java.lang.Object, java.lang.Object, java.lang.Object, int, int, int, int, int)'> (0x000000008924bc28) 
thrown [s\open\src\hotspot\share\interpreter\linkResolver.cpp, line 773]
Event: 12.120 Thread 0x00000279efffe020 Implicit null exception at 0x00000279df53cfc2 to 0x00000279df53d531
Event: 12.120 Thread 0x00000279efffe020 Implicit null exception at 0x00000279df528ec8 to 0x00000279df529580
Event: 12.121 Thread 0x00000279efffe020 Implicit null exception at 0x00000279df53cfc2 to 0x00000279df53d531
Event: 12.121 Thread 0x00000279efffe020 Implicit null exception at 0x00000279df528ec8 to 0x00000279df529580
Event: 12.121 Thread 0x00000279efffe020 Implicit null exception at 0x00000279df53cfc2 to 0x00000279df53d531
Event: 12.128 Thread 0x00000279efffe020 Implicit null exception at 0x00000279df524652 to 0x00000279df524c20

VM Operations (20 events):
Event: 9.225 Executing VM operation: HandshakeAllThreads
Event: 9.226 Executing VM operation: HandshakeAllThreads done
Event: 9.511 Executing VM operation: HandshakeAllThreads
Event: 9.511 Executing VM operation: HandshakeAllThreads done
Event: 9.515 Executing VM operation: HandshakeAllThreads
Event: 9.515 Executing VM operation: HandshakeAllThreads done
Event: 9.606 Executing VM operation: ICBufferFull
Event: 9.606 Executing VM operation: ICBufferFull done
Event: 10.607 Executing VM operation: Cleanup
Event: 10.607 Executing VM operation: Cleanup done
Event: 11.607 Executing VM operation: Cleanup
Event: 11.607 Executing VM operation: Cleanup done
Event: 12.232 Executing VM operation: HandshakeAllThreads
Event: 12.232 Executing VM operation: HandshakeAllThreads done
Event: 13.232 Executing VM operation: Cleanup
Event: 13.232 Executing VM operation: Cleanup done
Event: 14.232 Executing VM operation: Cleanup
Event: 14.233 Executing VM operation: Cleanup done
Event: 14.233 Executing VM operation: HandshakeAllThreads
Event: 14.233 Executing VM operation: HandshakeAllThreads done

Events (20 events):
Event: 0.111 Thread 0x00000279eb97db90 Thread added: 0x00000279eb97db90
Event: 0.112 Thread 0x00000279eb97ee50 Thread added: 0x00000279eb97ee50
Event: 0.245 Thread 0x00000279efca0090 Thread added: 0x00000279efca0090
Event: 0.297 Thread 0x00000279efd2a890 Thread added: 0x00000279efd2a890
Event: 0.424 Thread 0x00000279efed8f20 Thread added: 0x00000279efed8f20
Event: 0.427 Thread 0x00000279eff289e0 Thread added: 0x00000279eff289e0
Event: 0.429 Thread 0x00000279eff291e0 Thread added: 0x00000279eff291e0
Event: 0.612 Thread 0x00000279efffe020 Thread added: 0x00000279efffe020
Event: 0.612 Thread 0x00000279cf8a9800 Thread exited: 0x00000279cf8a9800
Event: 0.613 Thread 0x00000279cf8a9800 Thread added: 0x00000279cf8a9800
Event: 0.937 Thread 0x00000279f0b089c0 Thread added: 0x00000279f0b089c0
Event: 8.730 Thread 0x00000279eb9e2750 Thread added: 0x00000279eb9e2750
Event: 9.039 Thread 0x00000279f0c432a0 Thread added: 0x00000279f0c432a0
Event: 9.517 Thread 0x00000279f0caac90 Thread added: 0x00000279f0caac90
Event: 9.535 Thread 0x00000279f0cad710 Thread added: 0x00000279f0cad710
Event: 9.538 Thread 0x00000279f0cac720 Thread added: 0x00000279f0cac720
Event: 9.543 Thread 0x00000279f0cac1d0 Thread added: 0x00000279f0cac1d0
Event: 10.517 Thread 0x00000279f0c432a0 Thread exited: 0x00000279f0c432a0
Event: 12.227 Thread 0x00000279f0caa740 Thread added: 0x00000279f0caa740
Event: 14.230 Thread 0x00000279f0caa740 Thread exited: 0x00000279f0caa740


Dynamic libraries:
0x00007ff756780000 - 0x00007ff756790000 	C:\Program Files\Java\jdk-20\bin\java.exe
0x00007ff814670000 - 0x00007ff814868000 	C:\Windows\SYSTEM32\ntdll.dll
0x00007ff812b40000 - 0x00007ff812bff000 	C:\Windows\System32\KERNEL32.DLL
0x00007ff812270000 - 0x00007ff812566000 	C:\Windows\System32\KERNELBASE.dll
0x00007ff811ef0000 - 0x00007ff811ff0000 	C:\Windows\System32\ucrtbase.dll
0x00007ff80d970000 - 0x00007ff80d98b000 	C:\Program Files\Java\jdk-20\bin\VCRUNTIME140.dll
0x00007ffff3f30000 - 0x00007ffff3f49000 	C:\Program Files\Java\jdk-20\bin\jli.dll
0x00007ff812a80000 - 0x00007ff812b2f000 	C:\Windows\System32\ADVAPI32.dll
0x00007ff814590000 - 0x00007ff81462e000 	C:\Windows\System32\msvcrt.dll
0x00007ff812da0000 - 0x00007ff812e3c000 	C:\Windows\System32\sechost.dll
0x00007ff812950000 - 0x00007ff812a76000 	C:\Windows\System32\RPCRT4.dll
0x00007ff812c00000 - 0x00007ff812d9d000 	C:\Windows\System32\USER32.dll
0x00007ff812240000 - 0x00007ff812262000 	C:\Windows\System32\win32u.dll
0x00007ff813430000 - 0x00007ff81345c000 	C:\Windows\System32\GDI32.dll
0x00007ff812090000 - 0x00007ff8121a5000 	C:\Windows\System32\gdi32full.dll
0x00007ff811ff0000 - 0x00007ff81208d000 	C:\Windows\System32\msvcp_win.dll
0x00007ff803cc0000 - 0x00007ff803f5a000 	C:\Windows\WinSxS\amd64_microsoft.windows.common-controls_6595b64144ccf1df_6.0.19041.1110_none_60b5254171f9507e\COMCTL32.dll
0x00007ff80ce10000 - 0x00007ff80ce1a000 	C:\Windows\SYSTEM32\VERSION.dll
0x00007ff813b90000 - 0x00007ff813bc0000 	C:\Windows\System32\IMM32.DLL
0x00007ff80ed80000 - 0x00007ff80ed8c000 	C:\Program Files\Java\jdk-20\bin\vcruntime140_1.dll
0x00007fffee7c0000 - 0x00007fffee84e000 	C:\Program Files\Java\jdk-20\bin\msvcp140.dll
0x00007fffdd930000 - 0x00007fffde5c7000 	C:\Program Files\Java\jdk-20\bin\server\jvm.dll
0x00007ff802ae0000 - 0x00007ff802ae9000 	C:\Windows\SYSTEM32\WSOCK32.dll
0x00007ff813d70000 - 0x00007ff813ddb000 	C:\Windows\System32\WS2_32.dll
0x00007ff803ae0000 - 0x00007ff803b07000 	C:\Windows\SYSTEM32\WINMM.dll
0x00007ff8105e0000 - 0x00007ff8105f2000 	C:\Windows\SYSTEM32\kernel.appcore.dll
0x00007ff80d9a0000 - 0x00007ff80d9aa000 	C:\Program Files\Java\jdk-20\bin\jimage.dll
0x00007ff80faf0000 - 0x00007ff80fcd4000 	C:\Windows\SYSTEM32\DBGHELP.DLL
0x00007ffffee80000 - 0x00007ffffeeb4000 	C:\Windows\SYSTEM32\dbgcore.DLL
0x00007ff8121b0000 - 0x00007ff812232000 	C:\Windows\System32\bcryptPrimitives.dll
0x00007ff80cef0000 - 0x00007ff80cf16000 	C:\Program Files\Java\jdk-20\bin\java.dll
0x00007fffe3010000 - 0x00007fffe30e7000 	C:\Program Files\Java\jdk-20\bin\jsvml.dll
0x00007ff813de0000 - 0x00007ff814524000 	C:\Windows\System32\SHELL32.dll
0x00007ff80fde0000 - 0x00007ff810573000 	C:\Windows\SYSTEM32\windows.storage.dll
0x00007ff8130d0000 - 0x00007ff813424000 	C:\Windows\System32\combase.dll
0x00007ff8116c0000 - 0x00007ff8116ee000 	C:\Windows\SYSTEM32\Wldp.dll
0x00007ff812f40000 - 0x00007ff812fed000 	C:\Windows\System32\SHCORE.dll
0x00007ff814530000 - 0x00007ff814585000 	C:\Windows\System32\shlwapi.dll
0x00007ff811c90000 - 0x00007ff811caf000 	C:\Windows\SYSTEM32\profapi.dll
0x00007ff80ca60000 - 0x00007ff80ca73000 	C:\Program Files\Java\jdk-20\bin\net.dll
0x00007ff80b3a0000 - 0x00007ff80b4aa000 	C:\Windows\SYSTEM32\WINHTTP.dll
0x00007ff811420000 - 0x00007ff81148a000 	C:\Windows\system32\mswsock.dll
0x00007fffffaf0000 - 0x00007fffffb06000 	C:\Program Files\Java\jdk-20\bin\nio.dll
0x00007ffff8bc0000 - 0x00007ffff8bd8000 	C:\Program Files\Java\jdk-20\bin\zip.dll
0x00007fffe1770000 - 0x00007fffe1901000 	C:\Program Files\Java\jdk-20\bin\awt.dll
0x00007ff8126d0000 - 0x00007ff81279d000 	C:\Windows\System32\OLEAUT32.dll
0x00007ff80ec40000 - 0x00007ff80ecd1000 	C:\Windows\SYSTEM32\apphelp.dll
0x00007ff80f310000 - 0x00007ff80f3ae000 	C:\Windows\system32\uxtheme.dll
0x00007ff813c30000 - 0x00007ff813d44000 	C:\Windows\System32\MSCTF.dll
0x00007ff8127a0000 - 0x00007ff8128ca000 	C:\Windows\System32\ole32.dll
0x00007ff80f670000 - 0x00007ff80f69f000 	C:\Windows\system32\DWMAPI.DLL
0x00007fffee040000 - 0x00007fffee0c6000 	C:\Program Files\Java\jdk-20\bin\freetype.dll
0x00007fffe00f0000 - 0x00007fffe01b6000 	C:\Program Files\Java\jdk-20\bin\fontmanager.dll
0x00007ff801c30000 - 0x00007ff801d55000 	C:\Windows\system32\opengl32.dll
0x00007ff801480000 - 0x00007ff8014ac000 	C:\Windows\SYSTEM32\GLU32.dll
0x00007ff813460000 - 0x00007ff813509000 	C:\Windows\System32\clbcatq.dll
0x00007ff80ab60000 - 0x00007ff80ad14000 	C:\Windows\SYSTEM32\WindowsCodecs.dll
0x00007ff811ec0000 - 0x00007ff811ee7000 	C:\Windows\System32\bcrypt.dll
0x00007ffff0540000 - 0x00007ffff057e000 	C:\Windows\system32\dataexchange.dll
0x00007ff80d070000 - 0x00007ff80d2d3000 	C:\Windows\system32\d3d11.dll
0x00007ff810600000 - 0x00007ff8106f3000 	C:\Windows\system32\dxgi.dll
0x00007ff80dfb0000 - 0x00007ff80e193000 	C:\Windows\system32\dcomp.dll
0x00007ff80ad20000 - 0x00007ff80af27000 	C:\Windows\system32\twinapi.appcore.dll
0x00007ffffc380000 - 0x00007ffffc479000 	C:\Windows\SYSTEM32\textinputframework.dll
0x00007ff80e520000 - 0x00007ff80e87e000 	C:\Windows\System32\CoreUIComponents.dll
0x00007ff80e9e0000 - 0x00007ff80ead2000 	C:\Windows\System32\CoreMessaging.dll
0x00007ff810e60000 - 0x00007ff810e93000 	C:\Windows\SYSTEM32\ntmarta.dll
0x00007ff80de50000 - 0x00007ff80dfa4000 	C:\Windows\SYSTEM32\wintypes.dll
0x00007ff811610000 - 0x00007ff811628000 	C:\Windows\SYSTEM32\CRYPTSP.dll
0x00007ff810d40000 - 0x00007ff810d74000 	C:\Windows\system32\rsaenh.dll
0x00007ff811c50000 - 0x00007ff811c7e000 	C:\Windows\SYSTEM32\USERENV.dll
0x00007ff811630000 - 0x00007ff81163c000 	C:\Windows\SYSTEM32\CRYPTBASE.dll
0x00007ff811110000 - 0x00007ff81114c000 	C:\Windows\SYSTEM32\IPHLPAPI.DLL
0x00007ff812b30000 - 0x00007ff812b38000 	C:\Windows\System32\NSI.dll
0x00007ff80baa0000 - 0x00007ff80bab7000 	C:\Windows\SYSTEM32\dhcpcsvc6.DLL
0x00007ff80b980000 - 0x00007ff80b99d000 	C:\Windows\SYSTEM32\dhcpcsvc.DLL
0x00007ff811150000 - 0x00007ff81121a000 	C:\Windows\SYSTEM32\DNSAPI.dll
0x00007ff80d960000 - 0x00007ff80d970000 	C:\Program Files\Java\jdk-20\bin\verify.dll

dbghelp: loaded successfully - version: 4.0.5 - missing functions: none
symbol engine: initialized successfully - sym options: 0x614 - pdb path: .;C:\Program Files\Java\jdk-20\bin;C:\Windows\SYSTEM32;C:\Windows\WinSxS\amd64_microsoft.windows.common-controls_6595b64144ccf1df_6.0.19041.1110_none_60b5254171f9507e;C:\Program Files\Java\jdk-20\bin\server

VM Arguments:
jvm_args: -Dfile.encoding=UTF-8 --module-path=D:\Uni\Sem\6th sem\Web\Project Flip Flop\Flip Flop With DB\Flip_Flop_DB\build\classes 
java_command: flip_flop_db.Flip_Flop_DB
java_class_path (initial): D:\Uni\Sem\6th sem\Web\Post mid\01 AM -- DB and Drivers\10\Code\Lib\commons-lang-2.6.jar;D:\Uni\Sem\6th sem\Web\Post mid\01 AM -- DB and Drivers\10\Code\Lib\commons-logging-1.1.1.jar;D:\Uni\Sem\6th sem\Web\Post mid\01 AM -- DB and Drivers\10\Code\Lib\hsqldb.jar;D:\Uni\Sem\6th sem\Web\Post mid\01 AM -- DB and Drivers\10\Code\Lib\jackcess-2.0.6.jar;D:\Uni\Sem\6th sem\Web\Post mid\01 AM -- DB and Drivers\10\Code\Lib\ucanaccess-2.0.9.2.jar;D:\Uni\Sem\6th sem\Web\Project Flip Flop\Flip Flop With DB\Flip_Flop_DB\build\classes
Launcher Type: SUN_STANDARD

[Global flags]
     intx CICompilerCount                          = 3                                         {product} {ergonomic}
     uint ConcGCThreads                            = 1                                         {product} {ergonomic}
     uint G1ConcRefinementThreads                  = 4                                         {product} {ergonomic}
   size_t G1HeapRegionSize                         = 1048576                                   {product} {ergonomic}
    uintx GCDrainStackTargetSize                   = 64                                        {product} {ergonomic}
   size_t InitialHeapSize                          = 132120576                                 {product} {ergonomic}
   size_t MarkStackSize                            = 4194304                                   {product} {ergonomic}
   size_t MaxHeapSize                              = 2113929216                                {product} {ergonomic}
   size_t MaxNewSize                               = 1267728384                                {product} {ergonomic}
   size_t MinHeapDeltaBytes                        = 1048576                                   {product} {ergonomic}
   size_t MinHeapSize                              = 8388608                                   {product} {ergonomic}
    uintx NonNMethodCodeHeapSize                   = 5832780                                {pd product} {ergonomic}
    uintx NonProfiledCodeHeapSize                  = 122912730                              {pd product} {ergonomic}
    uintx ProfiledCodeHeapSize                     = 122912730                              {pd product} {ergonomic}
    uintx ReservedCodeCacheSize                    = 251658240                              {pd product} {ergonomic}
     bool SegmentedCodeCache                       = true                                      {product} {ergonomic}
   size_t SoftMaxHeapSize                          = 2113929216                             {manageable} {ergonomic}
     bool UseCompressedClassPointers               = true                           {product lp64_product} {ergonomic}
     bool UseCompressedOops                        = true                           {product lp64_product} {ergonomic}
     bool UseG1GC                                  = true                                      {product} {ergonomic}
     bool UseLargePagesIndividualAllocation        = false                                  {pd product} {ergonomic}

Logging:
Log output configuration:
 #0: stdout all=warning uptime,level,tags foldmultilines=false
 #1: stderr all=off uptime,level,tags foldmultilines=false

Environment Variables:
JAVA_HOME=C:\Program Files\Java\jdk-20
CLASSPATH=C:\apache-tomcat-10.1.9\lib\servlet-api.jar
PATH=C:\Program Files\Common Files\Oracle\Java\javapath;C:\Windows\system32;C:\Windows;C:\Windows\System32\Wbem;C:\Windows\System32\WindowsPowerShell\v1.0\;C:\Windows\System32\OpenSSH\;C:\Program Files\dotnet\;C:\Program Files\Git\cmd;C:\Users\nouma\AppData\Local\Microsoft\WindowsApps;C:\Users\nouma\AppData\Local\Programs\Microsoft VS Code\bin;C:\MinGW\bin;C:\Program Files\Java\jdk-20\bin;C:\apache-tomcat-10.1.9;C:\apache-tomcat-10.1.9\lib\servlet-api.jar;
USERNAME=nouma
OS=Windows_NT
PROCESSOR_IDENTIFIER=Intel64 Family 6 Model 142 Stepping 9, GenuineIntel
TMP=C:\Users\nouma\AppData\Local\Temp
TEMP=C:\Users\nouma\AppData\Local\Temp




---------------  S Y S T E M  ---------------

OS:
 Windows 10 , 64 bit Build 19041 (10.0.19041.3031)
OS uptime: 0 days 22:55 hours

CPU: total 4 (initial active 4) (2 cores per cpu, 2 threads per core) family 6 model 142 stepping 9 microcode 0xec, cx8, cmov, fxsr, ht, mmx, 3dnowpref, sse, sse2, sse3, ssse3, sse4.1, sse4.2, popcnt, lzcnt, tsc, tscinvbit, avx, avx2, aes, erms, clmul, bmi1, bmi2, adx, fma, vzeroupper, clflush, clflushopt, rdtscp, f16c

Memory: 4k page, system-wide physical 8058M (1055M free)
TotalPageFile size 32634M (AvailPageFile size 1M)
current process WorkingSet (physical memory assigned to process): 117M, peak: 118M
current process commit charge ("private bytes"): 239M, peak: 243M

vm_info: Java HotSpot(TM) 64-Bit Server VM (20+36-2344) for windows-amd64 JRE (20+36-2344), built on 2023-02-10T19:30:15Z by "mach5one" with MS VC++ 17.1 (VS2022)

END.
