#
# There is insufficient memory for the Java Runtime Environment to continue.
# Native memory allocation (malloc) failed to allocate 67248 bytes for Chunk::new
# Possible reasons:
#   The system is out of physical RAM or swap space
#   The process is running with CompressedOops enabled, and the Java Heap may be blocking the growth of the native heap
# Possible solutions:
#   Reduce memory load on the system
#   Increase physical memory or swap space
#   Check if swap backing store is full
#   Decrease Java heap size (-Xmx/-Xms)
#   Decrease number of Java threads
#   Decrease Java thread stack sizes (-Xss)
#   Set larger code cache with -XX:ReservedCodeCacheSize=
#   JVM is running with Unscaled Compressed Oops mode in which the Java heap is
#     placed in the first 4GB address space. The Java Heap base address is the
#     maximum limit for the native heap growth. Please use -XX:HeapBaseMinAddress
#     to set the Java Heap base and to place the Java Heap above 4GB virtual address.
# This output file may be truncated or incomplete.
#
#  Out of Memory Error (arena.cpp:184), pid=17820, tid=7580
#
# JRE version: Java(TM) SE Runtime Environment (20.0+36) (build 20+36-2344)
# Java VM: Java HotSpot(TM) 64-Bit Server VM (20+36-2344, mixed mode, sharing, tiered, compressed oops, compressed class ptrs, g1 gc, windows-amd64)
# No core dump will be written. Minidumps are not enabled by default on client versions of Windows
#

---------------  S U M M A R Y ------------

Command Line: -Dfile.encoding=UTF-8 --module-path=D:\Uni\Sem\6th sem\Web\Project Flip Flop\Flip Flop With DB\Flip_Flop_DB\build\classes flip_flop_db.Flip_Flop_DB

Host: Intel(R) Core(TM) i7-7500U CPU @ 2.70GHz, 4 cores, 7G,  Windows 10 , 64 bit Build 19041 (10.0.19041.3031)
Time: Sun Jun 18 00:11:41 2023 Pakistan Standard Time elapsed time: 1.027339 seconds (0d 0h 0m 1s)

---------------  T H R E A D  ---------------

Current thread (0x000001aef063db80):  JavaThread "C2 CompilerThread0" daemon [_thread_in_native, id=7580, stack(0x00000020aac00000,0x00000020aad00000)]


Current CompileTask:
C2:   1027  926       4       java.awt.MultipleGradientPaintContext::indexIntoGradientsArrays (190 bytes)

Stack: [0x00000020aac00000,0x00000020aad00000]
Native frames: (J=compiled Java code, j=interpreted, Vv=VM code, C=native code)
V  [jvm.dll+0x6bb95a]
V  [jvm.dll+0x8483aa]
V  [jvm.dll+0x849fa5]
V  [jvm.dll+0x84a6a3]
V  [jvm.dll+0x280b0f]
V  [jvm.dll+0xc2b11]
V  [jvm.dll+0xc2e35]
V  [jvm.dll+0x3bb17c]
V  [jvm.dll+0x3857f5]
V  [jvm.dll+0x384c6a]
V  [jvm.dll+0x24b259]
V  [jvm.dll+0x24a651]
V  [jvm.dll+0x1ce491]
V  [jvm.dll+0x259e1b]
V  [jvm.dll+0x2584f0]
V  [jvm.dll+0x3f2895]
V  [jvm.dll+0x7f4906]
V  [jvm.dll+0x6ba5cb]
C  [ucrtbase.dll+0x21bb2]
C  [KERNEL32.DLL+0x17614]
C  [ntdll.dll+0x526f1]


---------------  P R O C E S S  ---------------

Threads class SMR info:
_java_thread_list=0x000001aef57fbc40, length=16, elements={
0x000001aef062a010, 0x000001aef062afb0, 0x000001aef0630210, 0x000001aef0633d10,
0x000001aef0635e00, 0x000001aef0637dc0, 0x000001aef063db80, 0x000001aef0642850,
0x000001aef48a09e0, 0x000001aef48a2f10, 0x000001aef489f9f0, 0x000001aef48a1480,
0x000001aef48a1f20, 0x000001aef48a19d0, 0x000001aef48a0f30, 0x000001aef48a2470
}

Java Threads: ( => current thread )
  0x000001aef062a010 JavaThread "Reference Handler" daemon [_thread_blocked, id=15860, stack(0x00000020aa600000,0x00000020aa700000)]
  0x000001aef062afb0 JavaThread "Finalizer" daemon [_thread_blocked, id=11268, stack(0x00000020aa700000,0x00000020aa800000)]
  0x000001aef0630210 JavaThread "Signal Dispatcher" daemon [_thread_blocked, id=6712, stack(0x00000020aa800000,0x00000020aa900000)]
  0x000001aef0633d10 JavaThread "Attach Listener" daemon [_thread_blocked, id=8048, stack(0x00000020aa900000,0x00000020aaa00000)]
  0x000001aef0635e00 JavaThread "Service Thread" daemon [_thread_blocked, id=16272, stack(0x00000020aaa00000,0x00000020aab00000)]
  0x000001aef0637dc0 JavaThread "Monitor Deflation Thread" daemon [_thread_blocked, id=10940, stack(0x00000020aab00000,0x00000020aac00000)]
=>0x000001aef063db80 JavaThread "C2 CompilerThread0" daemon [_thread_in_native, id=7580, stack(0x00000020aac00000,0x00000020aad00000)]
  0x000001aef0642850 JavaThread "C1 CompilerThread0" daemon [_thread_blocked, id=10920, stack(0x00000020aad00000,0x00000020aae00000)]
  0x000001aef48a09e0 JavaThread "Common-Cleaner" daemon [_thread_blocked, id=18372, stack(0x00000020aae00000,0x00000020aaf00000)]
  0x000001aef48a2f10 JavaThread "Notification Thread" daemon [_thread_blocked, id=13956, stack(0x00000020aaf00000,0x00000020ab000000)]
  0x000001aef489f9f0 JavaThread "Java2D Disposer" daemon [_thread_blocked, id=16152, stack(0x00000020ab100000,0x00000020ab200000)]
  0x000001aef48a1480 JavaThread "AWT-Shutdown" [_thread_blocked, id=16088, stack(0x00000020ab200000,0x00000020ab300000)]
  0x000001aef48a1f20 JavaThread "AWT-Windows" daemon [_thread_in_native, id=5760, stack(0x00000020ab300000,0x00000020ab400000)]
  0x000001aef48a19d0 JavaThread "AWT-EventQueue-0" [_thread_in_native, id=13808, stack(0x00000020ab400000,0x00000020ab500000)]
  0x000001aef48a0f30 JavaThread "DestroyJavaVM" [_thread_blocked, id=16308, stack(0x00000020a9f00000,0x00000020aa000000)]
  0x000001aef48a2470 JavaThread "TimerQueue" daemon [_thread_blocked, id=2408, stack(0x00000020ab800000,0x00000020ab900000)]

Other Threads:
  0x000001aef060cbc0 VMThread "VM Thread" [stack: 0x00000020aa500000,0x00000020aa600000] [id=6148]
  0x000001aef48b7280 WatcherThread "VM Periodic Task Thread" [stack: 0x00000020ab000000,0x00000020ab100000] [id=7204]
  0x000001aed45c7410 WorkerThread "GC Thread#0" [stack: 0x00000020aa000000,0x00000020aa100000] [id=17596]
  0x000001aed45d80c0 ConcurrentGCThread "G1 Main Marker" [stack: 0x00000020aa100000,0x00000020aa200000] [id=3028]
  0x000001aed45da2a0 WorkerThread "G1 Conc#0" [stack: 0x00000020aa200000,0x00000020aa300000] [id=3468]
  0x000001aef04d20b0 ConcurrentGCThread "G1 Refine#0" [stack: 0x00000020aa300000,0x00000020aa400000] [id=2896]
  0x000001aef04d2b50 ConcurrentGCThread "G1 Service" [stack: 0x00000020aa400000,0x00000020aa500000] [id=10716]

Threads with active compile tasks:
C2 CompilerThread0     1053  926       4       java.awt.MultipleGradientPaintContext::indexIntoGradientsArrays (190 bytes)

VM state: not at safepoint (normal execution)

VM Mutex/Monitor currently owned by a thread: None

Heap address: 0x0000000082000000, size: 2016 MB, Compressed Oops mode: 32-bit

CDS archive(s) mapped at: [0x0000000800000000-0x0000000800c60000-0x0000000800c60000), size 12976128, SharedBaseAddress: 0x0000000800000000, ArchiveRelocationMode: 0.
Compressed class space mapped at: 0x0000000801000000-0x0000000841000000, reserved size: 1073741824
Narrow klass base: 0x0000000800000000, Narrow klass shift: 0, Narrow klass range: 0x100000000

GC Precious Log:
 CardTable entry size: 512
 Card Set container configuration: InlinePtr #cards 5 size 8 Array Of Cards #cards 12 size 40 Howl #buckets 4 coarsen threshold 1843 Howl Bitmap #cards 512 size 80 coarsen threshold 460 Card regions per heap region 1 cards per card region 2048
 CPUs: 4 total, 4 available
 Memory: 8058M
 Large Page Support: Disabled
 NUMA Support: Disabled
 Compressed Oops: Enabled (32-bit)
 Heap Region Size: 1M
 Heap Min Capacity: 8M
 Heap Initial Capacity: 126M
 Heap Max Capacity: 2016M
 Pre-touch: Disabled
 Parallel Workers: 4
 Concurrent Workers: 1
 Concurrent Refinement Workers: 4
 Periodic GC: Disabled

Heap:
 garbage-first heap   total 129024K, used 9216K [0x0000000082000000, 0x0000000100000000)
  region size 1024K, 9 young (9216K), 0 survivors (0K)
 Metaspace       used 9806K, committed 10048K, reserved 1114112K
  class space    used 1136K, committed 1280K, reserved 1048576K

Heap Regions: E=young(eden), S=young(survivor), O=old, HS=humongous(starts), HC=humongous(continues), CS=collection set, F=free, OA=open archive, CA=closed archive, TAMS=top-at-mark-start, PB=parsable bottom
|   0|0x0000000082000000, 0x0000000082100000, 0x0000000082100000|100%|HS|  |TAMS 0x0000000082000000| PB 0x0000000082000000| Complete 
|   1|0x0000000082100000, 0x0000000082100000, 0x0000000082200000|  0%| F|  |TAMS 0x0000000082100000| PB 0x0000000082100000| Untracked 
|   2|0x0000000082200000, 0x0000000082200000, 0x0000000082300000|  0%| F|  |TAMS 0x0000000082200000| PB 0x0000000082200000| Untracked 
|   3|0x0000000082300000, 0x0000000082300000, 0x0000000082400000|  0%| F|  |TAMS 0x0000000082300000| PB 0x0000000082300000| Untracked 
|   4|0x0000000082400000, 0x0000000082400000, 0x0000000082500000|  0%| F|  |TAMS 0x0000000082400000| PB 0x0000000082400000| Untracked 
|   5|0x0000000082500000, 0x0000000082500000, 0x0000000082600000|  0%| F|  |TAMS 0x0000000082500000| PB 0x0000000082500000| Untracked 
|   6|0x0000000082600000, 0x0000000082600000, 0x0000000082700000|  0%| F|  |TAMS 0x0000000082600000| PB 0x0000000082600000| Untracked 
|   7|0x0000000082700000, 0x0000000082700000, 0x0000000082800000|  0%| F|  |TAMS 0x0000000082700000| PB 0x0000000082700000| Untracked 
|   8|0x0000000082800000, 0x0000000082800000, 0x0000000082900000|  0%| F|  |TAMS 0x0000000082800000| PB 0x0000000082800000| Untracked 
|   9|0x0000000082900000, 0x0000000082900000, 0x0000000082a00000|  0%| F|  |TAMS 0x0000000082900000| PB 0x0000000082900000| Untracked 
|  10|0x0000000082a00000, 0x0000000082a00000, 0x0000000082b00000|  0%| F|  |TAMS 0x0000000082a00000| PB 0x0000000082a00000| Untracked 
|  11|0x0000000082b00000, 0x0000000082b00000, 0x0000000082c00000|  0%| F|  |TAMS 0x0000000082b00000| PB 0x0000000082b00000| Untracked 
|  12|0x0000000082c00000, 0x0000000082c00000, 0x0000000082d00000|  0%| F|  |TAMS 0x0000000082c00000| PB 0x0000000082c00000| Untracked 
|  13|0x0000000082d00000, 0x0000000082d00000, 0x0000000082e00000|  0%| F|  |TAMS 0x0000000082d00000| PB 0x0000000082d00000| Untracked 
|  14|0x0000000082e00000, 0x0000000082e00000, 0x0000000082f00000|  0%| F|  |TAMS 0x0000000082e00000| PB 0x0000000082e00000| Untracked 
|  15|0x0000000082f00000, 0x0000000082f00000, 0x0000000083000000|  0%| F|  |TAMS 0x0000000082f00000| PB 0x0000000082f00000| Untracked 
|  16|0x0000000083000000, 0x0000000083000000, 0x0000000083100000|  0%| F|  |TAMS 0x0000000083000000| PB 0x0000000083000000| Untracked 
|  17|0x0000000083100000, 0x0000000083100000, 0x0000000083200000|  0%| F|  |TAMS 0x0000000083100000| PB 0x0000000083100000| Untracked 
|  18|0x0000000083200000, 0x0000000083200000, 0x0000000083300000|  0%| F|  |TAMS 0x0000000083200000| PB 0x0000000083200000| Untracked 
|  19|0x0000000083300000, 0x0000000083300000, 0x0000000083400000|  0%| F|  |TAMS 0x0000000083300000| PB 0x0000000083300000| Untracked 
|  20|0x0000000083400000, 0x0000000083400000, 0x0000000083500000|  0%| F|  |TAMS 0x0000000083400000| PB 0x0000000083400000| Untracked 
|  21|0x0000000083500000, 0x0000000083500000, 0x0000000083600000|  0%| F|  |TAMS 0x0000000083500000| PB 0x0000000083500000| Untracked 
|  22|0x0000000083600000, 0x0000000083600000, 0x0000000083700000|  0%| F|  |TAMS 0x0000000083600000| PB 0x0000000083600000| Untracked 
|  23|0x0000000083700000, 0x0000000083700000, 0x0000000083800000|  0%| F|  |TAMS 0x0000000083700000| PB 0x0000000083700000| Untracked 
|  24|0x0000000083800000, 0x0000000083800000, 0x0000000083900000|  0%| F|  |TAMS 0x0000000083800000| PB 0x0000000083800000| Untracked 
|  25|0x0000000083900000, 0x0000000083900000, 0x0000000083a00000|  0%| F|  |TAMS 0x0000000083900000| PB 0x0000000083900000| Untracked 
|  26|0x0000000083a00000, 0x0000000083a00000, 0x0000000083b00000|  0%| F|  |TAMS 0x0000000083a00000| PB 0x0000000083a00000| Untracked 
|  27|0x0000000083b00000, 0x0000000083b00000, 0x0000000083c00000|  0%| F|  |TAMS 0x0000000083b00000| PB 0x0000000083b00000| Untracked 
|  28|0x0000000083c00000, 0x0000000083c00000, 0x0000000083d00000|  0%| F|  |TAMS 0x0000000083c00000| PB 0x0000000083c00000| Untracked 
|  29|0x0000000083d00000, 0x0000000083d00000, 0x0000000083e00000|  0%| F|  |TAMS 0x0000000083d00000| PB 0x0000000083d00000| Untracked 
|  30|0x0000000083e00000, 0x0000000083e00000, 0x0000000083f00000|  0%| F|  |TAMS 0x0000000083e00000| PB 0x0000000083e00000| Untracked 
|  31|0x0000000083f00000, 0x0000000083f00000, 0x0000000084000000|  0%| F|  |TAMS 0x0000000083f00000| PB 0x0000000083f00000| Untracked 
|  32|0x0000000084000000, 0x0000000084000000, 0x0000000084100000|  0%| F|  |TAMS 0x0000000084000000| PB 0x0000000084000000| Untracked 
|  33|0x0000000084100000, 0x0000000084100000, 0x0000000084200000|  0%| F|  |TAMS 0x0000000084100000| PB 0x0000000084100000| Untracked 
|  34|0x0000000084200000, 0x0000000084200000, 0x0000000084300000|  0%| F|  |TAMS 0x0000000084200000| PB 0x0000000084200000| Untracked 
|  35|0x0000000084300000, 0x0000000084300000, 0x0000000084400000|  0%| F|  |TAMS 0x0000000084300000| PB 0x0000000084300000| Untracked 
|  36|0x0000000084400000, 0x0000000084400000, 0x0000000084500000|  0%| F|  |TAMS 0x0000000084400000| PB 0x0000000084400000| Untracked 
|  37|0x0000000084500000, 0x0000000084500000, 0x0000000084600000|  0%| F|  |TAMS 0x0000000084500000| PB 0x0000000084500000| Untracked 
|  38|0x0000000084600000, 0x0000000084600000, 0x0000000084700000|  0%| F|  |TAMS 0x0000000084600000| PB 0x0000000084600000| Untracked 
|  39|0x0000000084700000, 0x0000000084700000, 0x0000000084800000|  0%| F|  |TAMS 0x0000000084700000| PB 0x0000000084700000| Untracked 
|  40|0x0000000084800000, 0x0000000084800000, 0x0000000084900000|  0%| F|  |TAMS 0x0000000084800000| PB 0x0000000084800000| Untracked 
|  41|0x0000000084900000, 0x0000000084900000, 0x0000000084a00000|  0%| F|  |TAMS 0x0000000084900000| PB 0x0000000084900000| Untracked 
|  42|0x0000000084a00000, 0x0000000084a00000, 0x0000000084b00000|  0%| F|  |TAMS 0x0000000084a00000| PB 0x0000000084a00000| Untracked 
|  43|0x0000000084b00000, 0x0000000084b00000, 0x0000000084c00000|  0%| F|  |TAMS 0x0000000084b00000| PB 0x0000000084b00000| Untracked 
|  44|0x0000000084c00000, 0x0000000084c00000, 0x0000000084d00000|  0%| F|  |TAMS 0x0000000084c00000| PB 0x0000000084c00000| Untracked 
|  45|0x0000000084d00000, 0x0000000084d00000, 0x0000000084e00000|  0%| F|  |TAMS 0x0000000084d00000| PB 0x0000000084d00000| Untracked 
|  46|0x0000000084e00000, 0x0000000084e00000, 0x0000000084f00000|  0%| F|  |TAMS 0x0000000084e00000| PB 0x0000000084e00000| Untracked 
|  47|0x0000000084f00000, 0x0000000084f00000, 0x0000000085000000|  0%| F|  |TAMS 0x0000000084f00000| PB 0x0000000084f00000| Untracked 
|  48|0x0000000085000000, 0x0000000085000000, 0x0000000085100000|  0%| F|  |TAMS 0x0000000085000000| PB 0x0000000085000000| Untracked 
|  49|0x0000000085100000, 0x0000000085100000, 0x0000000085200000|  0%| F|  |TAMS 0x0000000085100000| PB 0x0000000085100000| Untracked 
|  50|0x0000000085200000, 0x0000000085200000, 0x0000000085300000|  0%| F|  |TAMS 0x0000000085200000| PB 0x0000000085200000| Untracked 
|  51|0x0000000085300000, 0x0000000085300000, 0x0000000085400000|  0%| F|  |TAMS 0x0000000085300000| PB 0x0000000085300000| Untracked 
|  52|0x0000000085400000, 0x0000000085400000, 0x0000000085500000|  0%| F|  |TAMS 0x0000000085400000| PB 0x0000000085400000| Untracked 
|  53|0x0000000085500000, 0x0000000085500000, 0x0000000085600000|  0%| F|  |TAMS 0x0000000085500000| PB 0x0000000085500000| Untracked 
|  54|0x0000000085600000, 0x0000000085600000, 0x0000000085700000|  0%| F|  |TAMS 0x0000000085600000| PB 0x0000000085600000| Untracked 
|  55|0x0000000085700000, 0x0000000085700000, 0x0000000085800000|  0%| F|  |TAMS 0x0000000085700000| PB 0x0000000085700000| Untracked 
|  56|0x0000000085800000, 0x0000000085800000, 0x0000000085900000|  0%| F|  |TAMS 0x0000000085800000| PB 0x0000000085800000| Untracked 
|  57|0x0000000085900000, 0x0000000085900000, 0x0000000085a00000|  0%| F|  |TAMS 0x0000000085900000| PB 0x0000000085900000| Untracked 
|  58|0x0000000085a00000, 0x0000000085a00000, 0x0000000085b00000|  0%| F|  |TAMS 0x0000000085a00000| PB 0x0000000085a00000| Untracked 
|  59|0x0000000085b00000, 0x0000000085b00000, 0x0000000085c00000|  0%| F|  |TAMS 0x0000000085b00000| PB 0x0000000085b00000| Untracked 
|  60|0x0000000085c00000, 0x0000000085c00000, 0x0000000085d00000|  0%| F|  |TAMS 0x0000000085c00000| PB 0x0000000085c00000| Untracked 
|  61|0x0000000085d00000, 0x0000000085d00000, 0x0000000085e00000|  0%| F|  |TAMS 0x0000000085d00000| PB 0x0000000085d00000| Untracked 
|  62|0x0000000085e00000, 0x0000000085e00000, 0x0000000085f00000|  0%| F|  |TAMS 0x0000000085e00000| PB 0x0000000085e00000| Untracked 
|  63|0x0000000085f00000, 0x0000000085f00000, 0x0000000086000000|  0%| F|  |TAMS 0x0000000085f00000| PB 0x0000000085f00000| Untracked 
|  64|0x0000000086000000, 0x0000000086000000, 0x0000000086100000|  0%| F|  |TAMS 0x0000000086000000| PB 0x0000000086000000| Untracked 
|  65|0x0000000086100000, 0x0000000086100000, 0x0000000086200000|  0%| F|  |TAMS 0x0000000086100000| PB 0x0000000086100000| Untracked 
|  66|0x0000000086200000, 0x0000000086200000, 0x0000000086300000|  0%| F|  |TAMS 0x0000000086200000| PB 0x0000000086200000| Untracked 
|  67|0x0000000086300000, 0x0000000086300000, 0x0000000086400000|  0%| F|  |TAMS 0x0000000086300000| PB 0x0000000086300000| Untracked 
|  68|0x0000000086400000, 0x0000000086400000, 0x0000000086500000|  0%| F|  |TAMS 0x0000000086400000| PB 0x0000000086400000| Untracked 
|  69|0x0000000086500000, 0x0000000086500000, 0x0000000086600000|  0%| F|  |TAMS 0x0000000086500000| PB 0x0000000086500000| Untracked 
|  70|0x0000000086600000, 0x0000000086600000, 0x0000000086700000|  0%| F|  |TAMS 0x0000000086600000| PB 0x0000000086600000| Untracked 
|  71|0x0000000086700000, 0x0000000086700000, 0x0000000086800000|  0%| F|  |TAMS 0x0000000086700000| PB 0x0000000086700000| Untracked 
|  72|0x0000000086800000, 0x0000000086800000, 0x0000000086900000|  0%| F|  |TAMS 0x0000000086800000| PB 0x0000000086800000| Untracked 
|  73|0x0000000086900000, 0x0000000086900000, 0x0000000086a00000|  0%| F|  |TAMS 0x0000000086900000| PB 0x0000000086900000| Untracked 
|  74|0x0000000086a00000, 0x0000000086a00000, 0x0000000086b00000|  0%| F|  |TAMS 0x0000000086a00000| PB 0x0000000086a00000| Untracked 
|  75|0x0000000086b00000, 0x0000000086b00000, 0x0000000086c00000|  0%| F|  |TAMS 0x0000000086b00000| PB 0x0000000086b00000| Untracked 
|  76|0x0000000086c00000, 0x0000000086c00000, 0x0000000086d00000|  0%| F|  |TAMS 0x0000000086c00000| PB 0x0000000086c00000| Untracked 
|  77|0x0000000086d00000, 0x0000000086d00000, 0x0000000086e00000|  0%| F|  |TAMS 0x0000000086d00000| PB 0x0000000086d00000| Untracked 
|  78|0x0000000086e00000, 0x0000000086e00000, 0x0000000086f00000|  0%| F|  |TAMS 0x0000000086e00000| PB 0x0000000086e00000| Untracked 
|  79|0x0000000086f00000, 0x0000000086f00000, 0x0000000087000000|  0%| F|  |TAMS 0x0000000086f00000| PB 0x0000000086f00000| Untracked 
|  80|0x0000000087000000, 0x0000000087000000, 0x0000000087100000|  0%| F|  |TAMS 0x0000000087000000| PB 0x0000000087000000| Untracked 
|  81|0x0000000087100000, 0x0000000087100000, 0x0000000087200000|  0%| F|  |TAMS 0x0000000087100000| PB 0x0000000087100000| Untracked 
|  82|0x0000000087200000, 0x0000000087200000, 0x0000000087300000|  0%| F|  |TAMS 0x0000000087200000| PB 0x0000000087200000| Untracked 
|  83|0x0000000087300000, 0x0000000087300000, 0x0000000087400000|  0%| F|  |TAMS 0x0000000087300000| PB 0x0000000087300000| Untracked 
|  84|0x0000000087400000, 0x0000000087400000, 0x0000000087500000|  0%| F|  |TAMS 0x0000000087400000| PB 0x0000000087400000| Untracked 
|  85|0x0000000087500000, 0x0000000087500000, 0x0000000087600000|  0%| F|  |TAMS 0x0000000087500000| PB 0x0000000087500000| Untracked 
|  86|0x0000000087600000, 0x0000000087600000, 0x0000000087700000|  0%| F|  |TAMS 0x0000000087600000| PB 0x0000000087600000| Untracked 
|  87|0x0000000087700000, 0x0000000087700000, 0x0000000087800000|  0%| F|  |TAMS 0x0000000087700000| PB 0x0000000087700000| Untracked 
|  88|0x0000000087800000, 0x0000000087800000, 0x0000000087900000|  0%| F|  |TAMS 0x0000000087800000| PB 0x0000000087800000| Untracked 
|  89|0x0000000087900000, 0x0000000087900000, 0x0000000087a00000|  0%| F|  |TAMS 0x0000000087900000| PB 0x0000000087900000| Untracked 
|  90|0x0000000087a00000, 0x0000000087a00000, 0x0000000087b00000|  0%| F|  |TAMS 0x0000000087a00000| PB 0x0000000087a00000| Untracked 
|  91|0x0000000087b00000, 0x0000000087b00000, 0x0000000087c00000|  0%| F|  |TAMS 0x0000000087b00000| PB 0x0000000087b00000| Untracked 
|  92|0x0000000087c00000, 0x0000000087c00000, 0x0000000087d00000|  0%| F|  |TAMS 0x0000000087c00000| PB 0x0000000087c00000| Untracked 
|  93|0x0000000087d00000, 0x0000000087d00000, 0x0000000087e00000|  0%| F|  |TAMS 0x0000000087d00000| PB 0x0000000087d00000| Untracked 
|  94|0x0000000087e00000, 0x0000000087e00000, 0x0000000087f00000|  0%| F|  |TAMS 0x0000000087e00000| PB 0x0000000087e00000| Untracked 
|  95|0x0000000087f00000, 0x0000000087f00000, 0x0000000088000000|  0%| F|  |TAMS 0x0000000087f00000| PB 0x0000000087f00000| Untracked 
|  96|0x0000000088000000, 0x0000000088000000, 0x0000000088100000|  0%| F|  |TAMS 0x0000000088000000| PB 0x0000000088000000| Untracked 
|  97|0x0000000088100000, 0x0000000088100000, 0x0000000088200000|  0%| F|  |TAMS 0x0000000088100000| PB 0x0000000088100000| Untracked 
|  98|0x0000000088200000, 0x0000000088200000, 0x0000000088300000|  0%| F|  |TAMS 0x0000000088200000| PB 0x0000000088200000| Untracked 
|  99|0x0000000088300000, 0x0000000088300000, 0x0000000088400000|  0%| F|  |TAMS 0x0000000088300000| PB 0x0000000088300000| Untracked 
| 100|0x0000000088400000, 0x0000000088400000, 0x0000000088500000|  0%| F|  |TAMS 0x0000000088400000| PB 0x0000000088400000| Untracked 
| 101|0x0000000088500000, 0x0000000088500000, 0x0000000088600000|  0%| F|  |TAMS 0x0000000088500000| PB 0x0000000088500000| Untracked 
| 102|0x0000000088600000, 0x0000000088600000, 0x0000000088700000|  0%| F|  |TAMS 0x0000000088600000| PB 0x0000000088600000| Untracked 
| 103|0x0000000088700000, 0x0000000088700000, 0x0000000088800000|  0%| F|  |TAMS 0x0000000088700000| PB 0x0000000088700000| Untracked 
| 104|0x0000000088800000, 0x0000000088800000, 0x0000000088900000|  0%| F|  |TAMS 0x0000000088800000| PB 0x0000000088800000| Untracked 
| 105|0x0000000088900000, 0x0000000088900000, 0x0000000088a00000|  0%| F|  |TAMS 0x0000000088900000| PB 0x0000000088900000| Untracked 
| 106|0x0000000088a00000, 0x0000000088a00000, 0x0000000088b00000|  0%| F|  |TAMS 0x0000000088a00000| PB 0x0000000088a00000| Untracked 
| 107|0x0000000088b00000, 0x0000000088b00000, 0x0000000088c00000|  0%| F|  |TAMS 0x0000000088b00000| PB 0x0000000088b00000| Untracked 
| 108|0x0000000088c00000, 0x0000000088c00000, 0x0000000088d00000|  0%| F|  |TAMS 0x0000000088c00000| PB 0x0000000088c00000| Untracked 
| 109|0x0000000088d00000, 0x0000000088d00000, 0x0000000088e00000|  0%| F|  |TAMS 0x0000000088d00000| PB 0x0000000088d00000| Untracked 
| 110|0x0000000088e00000, 0x0000000088e00000, 0x0000000088f00000|  0%| F|  |TAMS 0x0000000088e00000| PB 0x0000000088e00000| Untracked 
| 111|0x0000000088f00000, 0x0000000088f00000, 0x0000000089000000|  0%| F|  |TAMS 0x0000000088f00000| PB 0x0000000088f00000| Untracked 
| 112|0x0000000089000000, 0x0000000089000000, 0x0000000089100000|  0%| F|  |TAMS 0x0000000089000000| PB 0x0000000089000000| Untracked 
| 113|0x0000000089100000, 0x0000000089100000, 0x0000000089200000|  0%| F|  |TAMS 0x0000000089100000| PB 0x0000000089100000| Untracked 
| 114|0x0000000089200000, 0x0000000089200000, 0x0000000089300000|  0%| F|  |TAMS 0x0000000089200000| PB 0x0000000089200000| Untracked 
| 115|0x0000000089300000, 0x0000000089300000, 0x0000000089400000|  0%| F|  |TAMS 0x0000000089300000| PB 0x0000000089300000| Untracked 
| 116|0x0000000089400000, 0x0000000089400000, 0x0000000089500000|  0%| F|  |TAMS 0x0000000089400000| PB 0x0000000089400000| Untracked 
| 117|0x0000000089500000, 0x00000000895cd700, 0x0000000089600000| 80%| E|  |TAMS 0x0000000089500000| PB 0x0000000089500000| Complete 
| 118|0x0000000089600000, 0x0000000089700000, 0x0000000089700000|100%| E|CS|TAMS 0x0000000089600000| PB 0x0000000089600000| Complete 
| 119|0x0000000089700000, 0x0000000089800000, 0x0000000089800000|100%| E|CS|TAMS 0x0000000089700000| PB 0x0000000089700000| Complete 
| 120|0x0000000089800000, 0x0000000089900000, 0x0000000089900000|100%| E|CS|TAMS 0x0000000089800000| PB 0x0000000089800000| Complete 
| 121|0x0000000089900000, 0x0000000089a00000, 0x0000000089a00000|100%| E|CS|TAMS 0x0000000089900000| PB 0x0000000089900000| Complete 
| 122|0x0000000089a00000, 0x0000000089b00000, 0x0000000089b00000|100%| E|CS|TAMS 0x0000000089a00000| PB 0x0000000089a00000| Complete 
| 123|0x0000000089b00000, 0x0000000089c00000, 0x0000000089c00000|100%| E|CS|TAMS 0x0000000089b00000| PB 0x0000000089b00000| Complete 
| 124|0x0000000089c00000, 0x0000000089d00000, 0x0000000089d00000|100%| E|CS|TAMS 0x0000000089c00000| PB 0x0000000089c00000| Complete 
| 125|0x0000000089d00000, 0x0000000089e00000, 0x0000000089e00000|100%| E|CS|TAMS 0x0000000089d00000| PB 0x0000000089d00000| Complete 

Card table byte_map: [0x000001aeeba20000,0x000001aeebe10000] _byte_map_base: 0x000001aeeb610000

Marking Bits: (CMBitMap*) 0x000001aed45c7a40
 Bits: [0x000001aeec200000, 0x000001aeee180000)

Polling page: 0x000001aed2360000

Metaspace:

Usage:
  Non-class:      8.47 MB used.
      Class:      1.11 MB used.
       Both:      9.58 MB used.

Virtual space:
  Non-class space:       64.00 MB reserved,       8.56 MB ( 13%) committed,  1 nodes.
      Class space:        1.00 GB reserved,       1.25 MB ( <1%) committed,  1 nodes.
             Both:        1.06 GB reserved,       9.81 MB ( <1%) committed. 

Chunk freelists:
   Non-Class:  3.00 MB
       Class:  2.75 MB
        Both:  5.75 MB

MaxMetaspaceSize: unlimited
CompressedClassSpaceSize: 1.00 GB
Initial GC threshold: 21.00 MB
Current GC threshold: 21.00 MB
CDS: on
MetaspaceReclaimPolicy: balanced
 - commit_granule_bytes: 65536.
 - commit_granule_words: 8192.
 - virtual_space_node_default_size: 8388608.
 - enlarge_chunks_in_place: 1.
 - new_chunks_are_fully_committed: 0.
 - uncommit_free_chunks: 1.
 - use_allocation_guard: 0.


Internal statistics:

num_allocs_failed_limit: 0.
num_arena_births: 156.
num_arena_deaths: 0.
num_vsnodes_births: 2.
num_vsnodes_deaths: 0.
num_space_committed: 157.
num_space_uncommitted: 0.
num_chunks_returned_to_freelist: 0.
num_chunks_taken_from_freelist: 208.
num_chunk_merges: 0.
num_chunk_splits: 121.
num_chunks_enlarged: 51.
num_inconsistent_stats: 0.

CodeHeap 'non-profiled nmethods': size=120000Kb used=289Kb max_used=289Kb free=119710Kb
 bounds [0x000001aee4100000, 0x000001aee4370000, 0x000001aeeb630000]
CodeHeap 'profiled nmethods': size=120000Kb used=1351Kb max_used=1351Kb free=118649Kb
 bounds [0x000001aedc630000, 0x000001aedc8a0000, 0x000001aee3b60000]
CodeHeap 'non-nmethods': size=5760Kb used=1663Kb max_used=1687Kb free=4096Kb
 bounds [0x000001aee3b60000, 0x000001aee3dd0000, 0x000001aee4100000]
 total_blobs=1601 nmethods=937 adapters=575
 compilation: enabled
              stopped_count=0, restarted_count=0
 full_count=0

Compilation events (20 events):
Event: 0.991 Thread 0x000001aef0642850 nmethod 920 0x000001aedc778690 code [0x000001aedc778820, 0x000001aedc7789f0]
Event: 0.992 Thread 0x000001aef0642850  921       3       java.util.Arrays::rangeCheck (74 bytes)
Event: 0.992 Thread 0x000001aef0642850 nmethod 921 0x000001aedc778a90 code [0x000001aedc778d00, 0x000001aedc779600]
Event: 0.992 Thread 0x000001aef0642850  922       3       sun.java2d.marlin.Renderer::addLine (538 bytes)
Event: 0.994 Thread 0x000001aef0642850 nmethod 922 0x000001aedc779a10 code [0x000001aedc779ca0, 0x000001aedc77a920]
Event: 0.994 Thread 0x000001aef0642850  923       3       sun.java2d.marlin.Renderer::copyAARow (77 bytes)
Event: 0.994 Thread 0x000001aef0642850 nmethod 923 0x000001aedc77af90 code [0x000001aedc77b140, 0x000001aedc77b388]
Event: 0.994 Thread 0x000001aef0642850  924       3       java.util.HashMap::tableSizeFor (32 bytes)
Event: 0.994 Thread 0x000001aef0642850 nmethod 924 0x000001aedc77b490 code [0x000001aedc77b640, 0x000001aedc77b850]
Event: 0.995 Thread 0x000001aef0642850  925       3       sun.java2d.marlin.MarlinCache::startRLERow (40 bytes)
Event: 0.995 Thread 0x000001aef0642850 nmethod 925 0x000001aedc77b910 code [0x000001aedc77bac0, 0x000001aedc77bcc0]
Event: 0.997 Thread 0x000001aef063db80  926       4       java.awt.MultipleGradientPaintContext::indexIntoGradientsArrays (190 bytes)
Event: 0.997 Thread 0x000001aef0642850  927       3       sun.java2d.SunGraphics2D::invalidatePipe (41 bytes)
Event: 0.998 Thread 0x000001aef0642850 nmethod 927 0x000001aedc77bf10 code [0x000001aedc77c0a0, 0x000001aedc77c3b8]
Event: 0.998 Thread 0x000001aef0642850  928       1       javax.swing.JButton::getUIClassID (3 bytes)
Event: 0.998 Thread 0x000001aef0642850 nmethod 928 0x000001aee4147f10 code [0x000001aee4148080, 0x000001aee4148150]
Event: 0.998 Thread 0x000001aef0642850  929       1       java.awt.RenderingHints$Key::intKey (5 bytes)
Event: 0.998 Thread 0x000001aef0642850 nmethod 929 0x000001aee4148210 code [0x000001aee4148380, 0x000001aee4148448]
Event: 0.998 Thread 0x000001aef0642850  930       3       java.util.concurrent.locks.AbstractQueuedSynchronizer::release (19 bytes)
Event: 0.998 Thread 0x000001aef0642850 nmethod 930 0x000001aedc77c490 code [0x000001aedc77c680, 0x000001aedc77ccc0]

GC Heap History (0 events):
No events

Dll operation events (9 events):
Event: 0.009 Loaded shared library C:\Program Files\Java\jdk-20\bin\java.dll
Event: 0.018 Loaded shared library C:\Program Files\Java\jdk-20\bin\jsvml.dll
Event: 0.092 Loaded shared library C:\Program Files\Java\jdk-20\bin\net.dll
Event: 0.095 Loaded shared library C:\Program Files\Java\jdk-20\bin\nio.dll
Event: 0.130 Loaded shared library C:\Program Files\Java\jdk-20\bin\zip.dll
Event: 0.178 Loaded shared library C:\Program Files\Java\jdk-20\bin\jimage.dll
Event: 0.182 Loaded shared library C:\Program Files\Java\jdk-20\bin\awt.dll
Event: 0.361 Loaded shared library C:\Program Files\Java\jdk-20\bin\freetype.dll
Event: 0.362 Loaded shared library C:\Program Files\Java\jdk-20\bin\fontmanager.dll

Deoptimization events (20 events):
Event: 0.702 Thread 0x000001aef48a19d0 Uncommon trap: trap_request=0xffffffc6 fr.pc=0x000001aee412e92c relative=0x0000000000000c0c
Event: 0.702 Thread 0x000001aef48a19d0 Uncommon trap: reason=bimorphic_or_optimized_type_check action=maybe_recompile pc=0x000001aee412e92c method=java.util.HashMap.putVal(ILjava/lang/Object;Ljava/lang/Object;ZZ)Ljava/lang/Object; @ 152 c2
Event: 0.702 Thread 0x000001aef48a19d0 DEOPT PACKING pc=0x000001aee412e92c sp=0x00000020ab4fd1b0
Event: 0.702 Thread 0x000001aef48a19d0 DEOPT UNPACKING pc=0x000001aee3bc9d22 sp=0x00000020ab4fd0e8 mode 2
Event: 0.744 Thread 0x000001aef48a19d0 Uncommon trap: trap_request=0xffffffc6 fr.pc=0x000001aee412e92c relative=0x0000000000000c0c
Event: 0.744 Thread 0x000001aef48a19d0 Uncommon trap: reason=bimorphic_or_optimized_type_check action=maybe_recompile pc=0x000001aee412e92c method=java.util.HashMap.putVal(ILjava/lang/Object;Ljava/lang/Object;ZZ)Ljava/lang/Object; @ 152 c2
Event: 0.744 Thread 0x000001aef48a19d0 DEOPT PACKING pc=0x000001aee412e92c sp=0x00000020ab4fd6d0
Event: 0.744 Thread 0x000001aef48a19d0 DEOPT UNPACKING pc=0x000001aee3bc9d22 sp=0x00000020ab4fd608 mode 2
Event: 0.745 Thread 0x000001aef48a19d0 Uncommon trap: trap_request=0xffffffc6 fr.pc=0x000001aee412e92c relative=0x0000000000000c0c
Event: 0.745 Thread 0x000001aef48a19d0 Uncommon trap: reason=bimorphic_or_optimized_type_check action=maybe_recompile pc=0x000001aee412e92c method=java.util.HashMap.putVal(ILjava/lang/Object;Ljava/lang/Object;ZZ)Ljava/lang/Object; @ 152 c2
Event: 0.745 Thread 0x000001aef48a19d0 DEOPT PACKING pc=0x000001aee412e92c sp=0x00000020ab4fd6a0
Event: 0.745 Thread 0x000001aef48a19d0 DEOPT UNPACKING pc=0x000001aee3bc9d22 sp=0x00000020ab4fd5d8 mode 2
Event: 0.768 Thread 0x000001aef48a19d0 Uncommon trap: trap_request=0xffffffc6 fr.pc=0x000001aee412e92c relative=0x0000000000000c0c
Event: 0.768 Thread 0x000001aef48a19d0 Uncommon trap: reason=bimorphic_or_optimized_type_check action=maybe_recompile pc=0x000001aee412e92c method=java.util.HashMap.putVal(ILjava/lang/Object;Ljava/lang/Object;ZZ)Ljava/lang/Object; @ 152 c2
Event: 0.768 Thread 0x000001aef48a19d0 DEOPT PACKING pc=0x000001aee412e92c sp=0x00000020ab4fd6a0
Event: 0.768 Thread 0x000001aef48a19d0 DEOPT UNPACKING pc=0x000001aee3bc9d22 sp=0x00000020ab4fd5d8 mode 2
Event: 0.769 Thread 0x000001aef48a19d0 Uncommon trap: trap_request=0xffffff45 fr.pc=0x000001aee4142a28 relative=0x0000000000000368
Event: 0.769 Thread 0x000001aef48a19d0 Uncommon trap: reason=unstable_if action=reinterpret pc=0x000001aee4142a28 method=java.awt.MultipleGradientPaintContext.indexIntoGradientsArrays(F)I @ 13 c2
Event: 0.769 Thread 0x000001aef48a19d0 DEOPT PACKING pc=0x000001aee4142a28 sp=0x00000020ab4fcee0
Event: 0.769 Thread 0x000001aef48a19d0 DEOPT UNPACKING pc=0x000001aee3bc9d22 sp=0x00000020ab4fce68 mode 2

Classes loaded (20 events):
Event: 0.901 Loading class java/awt/event/MouseEvent$1
Event: 0.901 Loading class sun/awt/AWTAccessor$MouseEventAccessor
Event: 0.901 Loading class sun/awt/AWTAccessor$MouseEventAccessor done
Event: 0.901 Loading class java/awt/event/MouseEvent$1 done
Event: 0.902 Loading class java/awt/Cursor$CursorDisposer
Event: 0.902 Loading class java/awt/Cursor$CursorDisposer done
Event: 0.903 Loading class java/awt/Container$MouseEventTargetFilter
Event: 0.903 Loading class java/awt/Container$EventTargetFilter
Event: 0.903 Loading class java/awt/Container$EventTargetFilter done
Event: 0.903 Loading class java/awt/Container$MouseEventTargetFilter done
Event: 0.903 Loading class java/awt/LightweightDispatcher$1
Event: 0.903 Loading class java/awt/LightweightDispatcher$1 done
Event: 0.903 Loading class java/awt/event/AWTEventListenerProxy
Event: 0.903 Loading class java/awt/event/AWTEventListenerProxy done
Event: 0.903 Loading class java/awt/Toolkit$SelectiveAWTEventListener
Event: 0.903 Loading class java/awt/Toolkit$SelectiveAWTEventListener done
Event: 0.903 Loading class java/awt/Toolkit$ToolkitEventMulticaster
Event: 0.903 Loading class java/awt/Toolkit$ToolkitEventMulticaster done
Event: 0.904 Loading class java/awt/event/MouseWheelEvent
Event: 0.904 Loading class java/awt/event/MouseWheelEvent done

Classes unloaded (0 events):
No events

Classes redefined (0 events):
No events

Internal exceptions (20 events):
Event: 0.419 Thread 0x000001aed4568620 Exception <a 'java/lang/ClassNotFoundException'{0x000000008984a8a8}: ToolBar> (0x000000008984a8a8) 
thrown [s\open\src\hotspot\share\classfile\systemDictionary.cpp, line 305]
Event: 0.419 Thread 0x000001aed4568620 Exception <a 'java/lang/ClassNotFoundException'{0x000000008984ac18}: ToggleButton> (0x000000008984ac18) 
thrown [s\open\src\hotspot\share\classfile\systemDictionary.cpp, line 305]
Event: 0.419 Thread 0x000001aed4568620 Exception <a 'java/lang/ClassNotFoundException'{0x000000008984b058}: javax/swing/JToolBarSeparator> (0x000000008984b058) 
thrown [s\open\src\hotspot\share\classfile\systemDictionary.cpp, line 305]
Event: 0.420 Thread 0x000001aed4568620 Exception <a 'java/lang/ClassNotFoundException'{0x000000008984b368}: ToolBarSeparator> (0x000000008984b368) 
thrown [s\open\src\hotspot\share\classfile\systemDictionary.cpp, line 305]
Event: 0.420 Thread 0x000001aed4568620 Exception <a 'java/lang/ClassNotFoundException'{0x000000008984b870}: ToolTip> (0x000000008984b870) 
thrown [s\open\src\hotspot\share\classfile\systemDictionary.cpp, line 305]
Event: 0.422 Thread 0x000001aed4568620 Exception <a 'java/lang/ClassNotFoundException'{0x000000008984c1b0}: Tree> (0x000000008984c1b0) 
thrown [s\open\src\hotspot\share\classfile\systemDictionary.cpp, line 305]
Event: 0.422 Thread 0x000001aed4568620 Exception <a 'java/lang/ClassNotFoundException'{0x000000008984c6a8}: Tree> (0x000000008984c6a8) 
thrown [s\open\src\hotspot\share\classfile\systemDictionary.cpp, line 305]
Event: 0.422 Thread 0x000001aed4568620 Exception <a 'java/lang/ClassNotFoundException'{0x000000008984ca18}: javax/swing/JTreeCell> (0x000000008984ca18) 
thrown [s\open\src\hotspot\share\classfile\systemDictionary.cpp, line 305]
Event: 0.422 Thread 0x000001aed4568620 Exception <a 'java/lang/ClassNotFoundException'{0x000000008984cd20}: TreeCell> (0x000000008984cd20) 
thrown [s\open\src\hotspot\share\classfile\systemDictionary.cpp, line 305]
Event: 0.423 Thread 0x000001aed4568620 Exception <a 'java/lang/ClassNotFoundException'{0x000000008984d4c8}: RootPane> (0x000000008984d4c8) 
thrown [s\open\src\hotspot\share\classfile\systemDictionary.cpp, line 305]
Event: 0.426 Thread 0x000001aed4568620 Exception <a 'java/lang/ClassNotFoundException'{0x0000000089850270}: com/sun/swing/internal/plaf/metal/resources/spi/metalProvider> (0x0000000089850270) 
thrown [s\open\src\hotspot\share\classfile\systemDictionary.cpp, line 305]
Event: 0.427 Thread 0x000001aed4568620 Exception <a 'java/lang/ClassNotFoundException'{0x0000000089853f70}: com/sun/swing/internal/plaf/basic/resources/spi/basicProvider> (0x0000000089853f70) 
thrown [s\open\src\hotspot\share\classfile\systemDictionary.cpp, line 305]
Event: 0.467 Thread 0x000001aef48a19d0 Exception <a 'java/lang/ClassNotFoundException'{0x000000008971c2b8}: com/sun/swing/internal/plaf/synth/resources/spi/synthProvider> (0x000000008971c2b8) 
thrown [s\open\src\hotspot\share\classfile\systemDictionary.cpp, line 305]
Event: 0.494 Thread 0x000001aef48a19d0 Exception <a 'java/lang/NoSuchMethodError'{0x000000008975f550}: 'int java.lang.invoke.Invokers$Holder.invokeExact_MT(java.lang.Object, java.lang.Object)'> (0x000000008975f550) 
thrown [s\open\src\hotspot\share\interpreter\linkResolver.cpp, line 773]
Event: 0.507 Thread 0x000001aef48a19d0 Exception <a 'java/lang/NoSuchMethodError'{0x000000008976b350}: 'java.lang.Object java.lang.invoke.DirectMethodHandle$Holder.newInvokeSpecial(java.lang.Object, java.lang.Object, int)'> (0x000000008976b350) 
thrown [s\open\src\hotspot\share\interpreter\linkResolver.cpp, line 773]
Event: 0.508 Thread 0x000001aef48a19d0 Exception <a 'java/lang/NoSuchMethodError'{0x0000000089770200}: 'int java.lang.invoke.DirectMethodHandle$Holder.invokeSpecial(java.lang.Object, java.lang.Object, java.lang.Object, int)'> (0x0000000089770200) 
thrown [s\open\src\hotspot\share\interpreter\linkResolver.cpp, line 773]
Event: 0.510 Thread 0x000001aef48a19d0 Exception <a 'java/lang/NoSuchMethodError'{0x0000000089782860}: 'java.lang.Object java.lang.invoke.DirectMethodHandle$Holder.invokeStatic(java.lang.Object, java.lang.Object, java.lang.Object, java.lang.Object, int)'> (0x0000000089782860) 
thrown [s\open\src\hotspot\share\interpreter\linkResolver.cpp, line 773]
Event: 0.512 Thread 0x000001aef48a19d0 Exception <a 'java/lang/NoSuchMethodError'{0x000000008978e208}: 'int java.lang.invoke.DirectMethodHandle$Holder.invokeSpecial(java.lang.Object, java.lang.Object, java.lang.Object)'> (0x000000008978e208) 
thrown [s\open\src\hotspot\share\interpreter\linkResolver.cpp, line 773]
Event: 0.562 Thread 0x000001aef48a1f20 Exception <a 'java/lang/NoSuchMethodError'{0x0000000089a94da0}: 'void java.lang.invoke.DirectMethodHandle$Holder.invokeVirtual(java.lang.Object, java.lang.Object)'> (0x0000000089a94da0) 
thrown [s\open\src\hotspot\share\interpreter\linkResolver.cpp, line 773]
Event: 0.584 Thread 0x000001aef48a19d0 Exception <a 'java/lang/NoSuchMethodError'{0x00000000897f2d10}: 'void java.lang.invoke.DirectMethodHandle$Holder.invokeStaticInit(java.lang.Object)'> (0x00000000897f2d10) 
thrown [s\open\src\hotspot\share\interpreter\linkResolver.cpp, line 773]

VM Operations (8 events):
Event: 0.102 Executing VM operation: HandshakeAllThreads
Event: 0.102 Executing VM operation: HandshakeAllThreads done
Event: 0.275 Executing VM operation: HandshakeAllThreads
Event: 0.275 Executing VM operation: HandshakeAllThreads done
Event: 0.531 Executing VM operation: HandshakeAllThreads
Event: 0.531 Executing VM operation: HandshakeAllThreads done
Event: 0.740 Executing VM operation: HandshakeAllThreads
Event: 0.740 Executing VM operation: HandshakeAllThreads done

Events (18 events):
Event: 0.018 Thread 0x000001aed4568620 Thread added: 0x000001aed4568620
Event: 0.032 Thread 0x000001aef062a010 Thread added: 0x000001aef062a010
Event: 0.032 Thread 0x000001aef062afb0 Thread added: 0x000001aef062afb0
Event: 0.033 Thread 0x000001aef0630210 Thread added: 0x000001aef0630210
Event: 0.033 Thread 0x000001aef0633d10 Thread added: 0x000001aef0633d10
Event: 0.033 Thread 0x000001aef0635e00 Thread added: 0x000001aef0635e00
Event: 0.033 Thread 0x000001aef0637dc0 Thread added: 0x000001aef0637dc0
Event: 0.034 Thread 0x000001aef063db80 Thread added: 0x000001aef063db80
Event: 0.034 Thread 0x000001aef0642850 Thread added: 0x000001aef0642850
Event: 0.071 Thread 0x000001aef48a09e0 Thread added: 0x000001aef48a09e0
Event: 0.123 Thread 0x000001aef48a2f10 Thread added: 0x000001aef48a2f10
Event: 0.245 Thread 0x000001aef489f9f0 Thread added: 0x000001aef489f9f0
Event: 0.247 Thread 0x000001aef48a1480 Thread added: 0x000001aef48a1480
Event: 0.249 Thread 0x000001aef48a1f20 Thread added: 0x000001aef48a1f20
Event: 0.447 Thread 0x000001aef48a19d0 Thread added: 0x000001aef48a19d0
Event: 0.447 Thread 0x000001aed4568620 Thread exited: 0x000001aed4568620
Event: 0.447 Thread 0x000001aef48a0f30 Thread added: 0x000001aef48a0f30
Event: 0.766 Thread 0x000001aef48a2470 Thread added: 0x000001aef48a2470


Dynamic libraries:
0x00007ff756780000 - 0x00007ff756790000 	C:\Program Files\Java\jdk-20\bin\java.exe
0x00007ff814670000 - 0x00007ff814868000 	C:\Windows\SYSTEM32\ntdll.dll
0x00007ff812b40000 - 0x00007ff812bff000 	C:\Windows\System32\KERNEL32.DLL
0x00007ff812270000 - 0x00007ff812566000 	C:\Windows\System32\KERNELBASE.dll
0x00007ff811ef0000 - 0x00007ff811ff0000 	C:\Windows\System32\ucrtbase.dll
0x00007ffff3f30000 - 0x00007ffff3f49000 	C:\Program Files\Java\jdk-20\bin\jli.dll
0x00007ff812a80000 - 0x00007ff812b2f000 	C:\Windows\System32\ADVAPI32.dll
0x00007ff814590000 - 0x00007ff81462e000 	C:\Windows\System32\msvcrt.dll
0x00007ff80d970000 - 0x00007ff80d98b000 	C:\Program Files\Java\jdk-20\bin\VCRUNTIME140.dll
0x00007ff812da0000 - 0x00007ff812e3c000 	C:\Windows\System32\sechost.dll
0x00007ff812950000 - 0x00007ff812a76000 	C:\Windows\System32\RPCRT4.dll
0x00007ff812c00000 - 0x00007ff812d9d000 	C:\Windows\System32\USER32.dll
0x00007ff803cc0000 - 0x00007ff803f5a000 	C:\Windows\WinSxS\amd64_microsoft.windows.common-controls_6595b64144ccf1df_6.0.19041.1110_none_60b5254171f9507e\COMCTL32.dll
0x00007ff813430000 - 0x00007ff81345c000 	C:\Windows\System32\GDI32.dll
0x00007ff812240000 - 0x00007ff812262000 	C:\Windows\System32\win32u.dll
0x00007ff812090000 - 0x00007ff8121a5000 	C:\Windows\System32\gdi32full.dll
0x00007ff811ff0000 - 0x00007ff81208d000 	C:\Windows\System32\msvcp_win.dll
0x00007ff80ce10000 - 0x00007ff80ce1a000 	C:\Windows\SYSTEM32\VERSION.dll
0x00007ff813b90000 - 0x00007ff813bc0000 	C:\Windows\System32\IMM32.DLL
0x00007ff80ed80000 - 0x00007ff80ed8c000 	C:\Program Files\Java\jdk-20\bin\vcruntime140_1.dll
0x00007fffee7c0000 - 0x00007fffee84e000 	C:\Program Files\Java\jdk-20\bin\msvcp140.dll
0x00007fffdd930000 - 0x00007fffde5c7000 	C:\Program Files\Java\jdk-20\bin\server\jvm.dll
0x00007ff802ae0000 - 0x00007ff802ae9000 	C:\Windows\SYSTEM32\WSOCK32.dll
0x00007ff803ae0000 - 0x00007ff803b07000 	C:\Windows\SYSTEM32\WINMM.dll
0x00007ff813d70000 - 0x00007ff813ddb000 	C:\Windows\System32\WS2_32.dll
0x00007ff8105e0000 - 0x00007ff8105f2000 	C:\Windows\SYSTEM32\kernel.appcore.dll
0x00007ff80d9a0000 - 0x00007ff80d9aa000 	C:\Program Files\Java\jdk-20\bin\jimage.dll
0x00007ff80faf0000 - 0x00007ff80fcd4000 	C:\Windows\SYSTEM32\DBGHELP.DLL
0x00007ffffee80000 - 0x00007ffffeeb4000 	C:\Windows\SYSTEM32\dbgcore.DLL
0x00007ff8121b0000 - 0x00007ff812232000 	C:\Windows\System32\bcryptPrimitives.dll
0x00007ff80cef0000 - 0x00007ff80cf16000 	C:\Program Files\Java\jdk-20\bin\java.dll
0x00007fffe3010000 - 0x00007fffe30e7000 	C:\Program Files\Java\jdk-20\bin\jsvml.dll
0x00007ff813de0000 - 0x00007ff814524000 	C:\Windows\System32\SHELL32.dll
0x00007ff80fde0000 - 0x00007ff810573000 	C:\Windows\SYSTEM32\windows.storage.dll
0x00007ff8130d0000 - 0x00007ff813424000 	C:\Windows\System32\combase.dll
0x00007ff8116c0000 - 0x00007ff8116ee000 	C:\Windows\SYSTEM32\Wldp.dll
0x00007ff812f40000 - 0x00007ff812fed000 	C:\Windows\System32\SHCORE.dll
0x00007ff814530000 - 0x00007ff814585000 	C:\Windows\System32\shlwapi.dll
0x00007ff811c90000 - 0x00007ff811caf000 	C:\Windows\SYSTEM32\profapi.dll
0x00007ff80ca60000 - 0x00007ff80ca73000 	C:\Program Files\Java\jdk-20\bin\net.dll
0x00007ff80b3a0000 - 0x00007ff80b4aa000 	C:\Windows\SYSTEM32\WINHTTP.dll
0x00007ff811420000 - 0x00007ff81148a000 	C:\Windows\system32\mswsock.dll
0x00007fffffaf0000 - 0x00007fffffb06000 	C:\Program Files\Java\jdk-20\bin\nio.dll
0x00007ffff8bc0000 - 0x00007ffff8bd8000 	C:\Program Files\Java\jdk-20\bin\zip.dll
0x00007fffe1770000 - 0x00007fffe1901000 	C:\Program Files\Java\jdk-20\bin\awt.dll
0x00007ff8126d0000 - 0x00007ff81279d000 	C:\Windows\System32\OLEAUT32.dll
0x00007ff80ec40000 - 0x00007ff80ecd1000 	C:\Windows\SYSTEM32\apphelp.dll
0x00007ff80f310000 - 0x00007ff80f3ae000 	C:\Windows\system32\uxtheme.dll
0x00007ff813c30000 - 0x00007ff813d44000 	C:\Windows\System32\MSCTF.dll
0x00007ff8127a0000 - 0x00007ff8128ca000 	C:\Windows\System32\ole32.dll
0x00007ff80f670000 - 0x00007ff80f69f000 	C:\Windows\system32\DWMAPI.DLL
0x00007fffee040000 - 0x00007fffee0c6000 	C:\Program Files\Java\jdk-20\bin\freetype.dll
0x00007fffe00f0000 - 0x00007fffe01b6000 	C:\Program Files\Java\jdk-20\bin\fontmanager.dll
0x00007ff801c30000 - 0x00007ff801d55000 	C:\Windows\system32\opengl32.dll
0x00007ff801480000 - 0x00007ff8014ac000 	C:\Windows\SYSTEM32\GLU32.dll
0x00007ff813460000 - 0x00007ff813509000 	C:\Windows\System32\clbcatq.dll
0x00007ff80ab60000 - 0x00007ff80ad14000 	C:\Windows\SYSTEM32\WindowsCodecs.dll
0x00007ff811ec0000 - 0x00007ff811ee7000 	C:\Windows\System32\bcrypt.dll
0x00007ffff0540000 - 0x00007ffff057e000 	C:\Windows\system32\dataexchange.dll
0x00007ff80dfb0000 - 0x00007ff80e193000 	C:\Windows\system32\dcomp.dll
0x00007ff80d070000 - 0x00007ff80d2d3000 	C:\Windows\system32\d3d11.dll
0x00007ff810600000 - 0x00007ff8106f3000 	C:\Windows\system32\dxgi.dll
0x00007ff80ad20000 - 0x00007ff80af27000 	C:\Windows\system32\twinapi.appcore.dll
0x00007ffffc380000 - 0x00007ffffc479000 	C:\Windows\SYSTEM32\textinputframework.dll
0x00007ff80e9e0000 - 0x00007ff80ead2000 	C:\Windows\System32\CoreMessaging.dll
0x00007ff80e520000 - 0x00007ff80e87e000 	C:\Windows\System32\CoreUIComponents.dll
0x00007ff810e60000 - 0x00007ff810e93000 	C:\Windows\SYSTEM32\ntmarta.dll
0x00007ff80de50000 - 0x00007ff80dfa4000 	C:\Windows\SYSTEM32\wintypes.dll

dbghelp: loaded successfully - version: 4.0.5 - missing functions: none
symbol engine: initialized successfully - sym options: 0x614 - pdb path: .;C:\Program Files\Java\jdk-20\bin;C:\Windows\SYSTEM32;C:\Windows\WinSxS\amd64_microsoft.windows.common-controls_6595b64144ccf1df_6.0.19041.1110_none_60b5254171f9507e;C:\Program Files\Java\jdk-20\bin\server

VM Arguments:
jvm_args: -Dfile.encoding=UTF-8 --module-path=D:\Uni\Sem\6th sem\Web\Project Flip Flop\Flip Flop With DB\Flip_Flop_DB\build\classes 
java_command: flip_flop_db.Flip_Flop_DB
java_class_path (initial): D:\Uni\Sem\6th sem\Web\Post mid\01 AM -- DB and Drivers\10\Code\Lib\commons-lang-2.6.jar;D:\Uni\Sem\6th sem\Web\Post mid\01 AM -- DB and Drivers\10\Code\Lib\commons-logging-1.1.1.jar;D:\Uni\Sem\6th sem\Web\Post mid\01 AM -- DB and Drivers\10\Code\Lib\hsqldb.jar;D:\Uni\Sem\6th sem\Web\Post mid\01 AM -- DB and Drivers\10\Code\Lib\jackcess-2.0.6.jar;D:\Uni\Sem\6th sem\Web\Post mid\01 AM -- DB and Drivers\10\Code\Lib\ucanaccess-2.0.9.2.jar;D:\Uni\Sem\6th sem\Web\Project Flip Flop\Flip Flop With DB\Flip_Flop_DB\build\classes
Launcher Type: SUN_STANDARD

[Global flags]
     intx CICompilerCount                          = 3                                         {product} {ergonomic}
     uint ConcGCThreads                            = 1                                         {product} {ergonomic}
     uint G1ConcRefinementThreads                  = 4                                         {product} {ergonomic}
   size_t G1HeapRegionSize                         = 1048576                                   {product} {ergonomic}
    uintx GCDrainStackTargetSize                   = 64                                        {product} {ergonomic}
   size_t InitialHeapSize                          = 132120576                                 {product} {ergonomic}
   size_t MarkStackSize                            = 4194304                                   {product} {ergonomic}
   size_t MaxHeapSize                              = 2113929216                                {product} {ergonomic}
   size_t MaxNewSize                               = 1267728384                                {product} {ergonomic}
   size_t MinHeapDeltaBytes                        = 1048576                                   {product} {ergonomic}
   size_t MinHeapSize                              = 8388608                                   {product} {ergonomic}
    uintx NonNMethodCodeHeapSize                   = 5832780                                {pd product} {ergonomic}
    uintx NonProfiledCodeHeapSize                  = 122912730                              {pd product} {ergonomic}
    uintx ProfiledCodeHeapSize                     = 122912730                              {pd product} {ergonomic}
    uintx ReservedCodeCacheSize                    = 251658240                              {pd product} {ergonomic}
     bool SegmentedCodeCache                       = true                                      {product} {ergonomic}
   size_t SoftMaxHeapSize                          = 2113929216                             {manageable} {ergonomic}
     bool UseCompressedClassPointers               = true                           {product lp64_product} {ergonomic}
     bool UseCompressedOops                        = true                           {product lp64_product} {ergonomic}
     bool UseG1GC                                  = true                                      {product} {ergonomic}
     bool UseLargePagesIndividualAllocation        = false                                  {pd product} {ergonomic}

Logging:
Log output configuration:
 #0: stdout all=warning uptime,level,tags foldmultilines=false
 #1: stderr all=off uptime,level,tags foldmultilines=false

Environment Variables:
JAVA_HOME=C:\Program Files\Java\jdk-20
CLASSPATH=C:\apache-tomcat-10.1.9\lib\servlet-api.jar
PATH=C:\Program Files\Common Files\Oracle\Java\javapath;C:\Windows\system32;C:\Windows;C:\Windows\System32\Wbem;C:\Windows\System32\WindowsPowerShell\v1.0\;C:\Windows\System32\OpenSSH\;C:\Program Files\dotnet\;C:\Program Files\Git\cmd;C:\Users\nouma\AppData\Local\Microsoft\WindowsApps;C:\Users\nouma\AppData\Local\Programs\Microsoft VS Code\bin;C:\MinGW\bin;C:\Program Files\Java\jdk-20\bin;C:\apache-tomcat-10.1.9;C:\apache-tomcat-10.1.9\lib\servlet-api.jar;
USERNAME=nouma
OS=Windows_NT
PROCESSOR_IDENTIFIER=Intel64 Family 6 Model 142 Stepping 9, GenuineIntel
TMP=C:\Users\nouma\AppData\Local\Temp
TEMP=C:\Users\nouma\AppData\Local\Temp




---------------  S Y S T E M  ---------------

OS:
 Windows 10 , 64 bit Build 19041 (10.0.19041.3031)
OS uptime: 0 days 22:56 hours

CPU: total 4 (initial active 4) (2 cores per cpu, 2 threads per core) family 6 model 142 stepping 9 microcode 0xec, cx8, cmov, fxsr, ht, mmx, 3dnowpref, sse, sse2, sse3, ssse3, sse4.1, sse4.2, popcnt, lzcnt, tsc, tscinvbit, avx, avx2, aes, erms, clmul, bmi1, bmi2, adx, fma, vzeroupper, clflush, clflushopt, rdtscp, f16c

Memory: 4k page, system-wide physical 8058M (1168M free)
TotalPageFile size 32634M (AvailPageFile size 5M)
current process WorkingSet (physical memory assigned to process): 68M, peak: 68M
current process commit charge ("private bytes"): 219M, peak: 220M

vm_info: Java HotSpot(TM) 64-Bit Server VM (20+36-2344) for windows-amd64 JRE (20+36-2344), built on 2023-02-10T19:30:15Z by "mach5one" with MS VC++ 17.1 (VS2022)

END.
